Job started at Fri Feb 06 00:27:26 2026
Running on hpc3-c12-n28.unitn.it
MPI ranks: 16
OMP threads per rank: 2
------------------------------------
	Command being timed: "mpiexec --mca mpi_cuda_support 0 -n 16 /home/guglielmo.boi/hpc-project/bin/spectral_clustering /home/guglielmo.boi/hpc-project/data/input/gaussian_32768.csv /home/guglielmo.boi/hpc-project/data/output/gaussian_32768_r16.csv"
	User time (seconds): 51365.30
	System time (seconds): 11.98
	Percent of CPU this job got: 199%
	Elapsed (wall clock) time (h:mm:ss or m:ss): 0:27:17
	Average shared text size (kbytes): 0
	Average unshared data size (kbytes): 0
	Average stack size (kbytes): 0
	Average total size (kbytes): 0
	Maximum resident set size (kbytes): 25763718
	Average resident set size (kbytes): 0
	Major (requiring I/O) page faults: 47
	Minor (reclaiming a frame) page faults: 213001
	Voluntary context switches: 10741
	Involuntary context switches: 636780
	Swaps: 0
	File system inputs: 0
	File system outputs: 184005
	Socket messages sent: 0
	Socket messages received: 0
	Signals delivered: 0
	Page size (bytes): 4137
	Exit status: 0
------------------------------------
Job finished at Fri Feb 06 00:54:43 2026
