Job started at Thu Feb 05 23:33:53 2026
Running on hpc3-c12-n28.unitn.it
MPI ranks: 1
OMP threads per rank: 2
------------------------------------
	Command being timed: "mpiexec --mca mpi_cuda_support 0 -n 1 /home/guglielmo.boi/hpc-project/bin/spectral_clustering /home/guglielmo.boi/hpc-project/data/input/gaussian_32768.csv /home/guglielmo.boi/hpc-project/data/output/gaussian_32768_r1.csv"
	User time (seconds): 6399.83
	System time (seconds): 8.65
	Percent of CPU this job got: 98%
	Elapsed (wall clock) time (h:mm:ss or m:ss): 0:54:40
	Average shared text size (kbytes): 0
	Average unshared data size (kbytes): 0
	Average stack size (kbytes): 0
	Average total size (kbytes): 0
	Maximum resident set size (kbytes): 33984393
	Average resident set size (kbytes): 0
	Major (requiring I/O) page faults: 11
	Minor (reclaiming a frame) page faults: 53015
	Voluntary context switches: 721
	Involuntary context switches: 506
	Swaps: 0
	File system inputs: 4348
	File system outputs: 18574
	Socket messages sent: 0
	Socket messages received: 0
	Signals delivered: 0
	Page size (bytes): 4054
	Exit status: 0
------------------------------------
Job finished at Fri Feb 06 00:28:33 2026
