Job started at Fri Feb 06 01:17:39 2026
Running on hpc3-c12-n31.unitn.it
MPI ranks: 16
OMP threads per rank: 2
------------------------------------
	Command being timed: "mpiexec --mca mpi_cuda_support 0 -n 16 /home/guglielmo.boi/hpc-project/bin/spectral_clustering /home/guglielmo.boi/hpc-project/data/input/gaussian_65536.csv /home/guglielmo.boi/hpc-project/data/output/gaussian_65536_r16.csv"
	User time (seconds): 152535.77
	System time (seconds): 38.75
	Percent of CPU this job got: 199%
	Elapsed (wall clock) time (h:mm:ss or m:ss): 1:19:17
	Average shared text size (kbytes): 0
	Average unshared data size (kbytes): 0
	Average stack size (kbytes): 0
	Average total size (kbytes): 0
	Maximum resident set size (kbytes): 105808970
	Average resident set size (kbytes): 0
	Major (requiring I/O) page faults: 336
	Minor (reclaiming a frame) page faults: 670362
	Voluntary context switches: 19640
	Involuntary context switches: 2727769
	Swaps: 0
	File system inputs: 9467
	File system outputs: 677941
	Socket messages sent: 0
	Socket messages received: 0
	Signals delivered: 0
	Page size (bytes): 4114
	Exit status: 0
------------------------------------
Job finished at Fri Feb 06 02:36:56 2026
