Job started at Fri Feb 06 02:13:34 2026
Running on hpc3-c12-n26.unitn.it
MPI ranks: 4
OMP threads per rank: 2
------------------------------------
	Command being timed: "mpiexec --mca mpi_cuda_support 0 -n 4 /home/guglielmo.boi/hpc-project/bin/spectral_clustering /home/guglielmo.boi/hpc-project/data/input/gaussian_131072.csv /home/guglielmo.boi/hpc-project/data/output/gaussian_131072_r4.csv"
	User time (seconds): 88887.99
	System time (seconds): 1003.13
	Percent of CPU this job got: 199%
	Elapsed (wall clock) time (h:mm:ss or m:ss): 3:10:00
	Average shared text size (kbytes): 0
	Average unshared data size (kbytes): 0
	Average stack size (kbytes): 0
	Average total size (kbytes): 0
	Maximum resident set size (kbytes): 463679783
	Average resident set size (kbytes): 0
	Major (requiring I/O) page faults: 98
	Minor (reclaiming a frame) page faults: 1227523921
	Voluntary context switches: 10754
	Involuntary context switches: 29731
	Swaps: 0
	File system inputs: 23179
	File system outputs: 98671
	Socket messages sent: 0
	Socket messages received: 0
	Signals delivered: 0
	Page size (bytes): 3989
	Exit status: 0
------------------------------------
Job finished at Fri Feb 06 05:23:34 2026
