Job started at Fri Feb 06 02:13:34 2026
Running on hpc3-c12-n25.unitn.it
MPI ranks: 32
OMP threads per rank: 2
------------------------------------
	Command being timed: "mpiexec --mca mpi_cuda_support 0 -n 32 /home/guglielmo.boi/hpc-project/bin/spectral_clustering /home/guglielmo.boi/hpc-project/data/input/gaussian_131072.csv /home/guglielmo.boi/hpc-project/data/output/gaussian_131072_r32.csv"
	User time (seconds): 520369.69
	System time (seconds): 1007.04
	Percent of CPU this job got: 199%
	Elapsed (wall clock) time (h:mm:ss or m:ss): 2:11:34
	Average shared text size (kbytes): 0
	Average unshared data size (kbytes): 0
	Average stack size (kbytes): 0
	Average total size (kbytes): 0
	Maximum resident set size (kbytes): 474354184
	Average resident set size (kbytes): 0
	Major (requiring I/O) page faults: 101
	Minor (reclaiming a frame) page faults: 1235723846
	Voluntary context switches: 11160
	Involuntary context switches: 31033
	Swaps: 0
	File system inputs: 22499
	File system outputs: 94659
	Socket messages sent: 0
	Socket messages received: 0
	Signals delivered: 0
	Page size (bytes): 4011
	Exit status: 0
------------------------------------
Job finished at Fri Feb 06 04:25:08 2026
