Job started at Fri Feb 06 02:13:34 2026
Running on hpc3-c12-n26.unitn.it
MPI ranks: 8
OMP threads per rank: 2
------------------------------------
	Command being timed: "mpiexec --mca mpi_cuda_support 0 -n 8 /home/guglielmo.boi/hpc-project/bin/spectral_clustering /home/guglielmo.boi/hpc-project/data/input/gaussian_131072.csv /home/guglielmo.boi/hpc-project/data/output/gaussian_131072_r8.csv"
	User time (seconds): 150875.56
	System time (seconds): 1018.38
	Percent of CPU this job got: 199%
	Elapsed (wall clock) time (h:mm:ss or m:ss): 2:40:50
	Average shared text size (kbytes): 0
	Average unshared data size (kbytes): 0
	Average stack size (kbytes): 0
	Average total size (kbytes): 0
	Maximum resident set size (kbytes): 477514668
	Average resident set size (kbytes): 0
	Major (requiring I/O) page faults: 97
	Minor (reclaiming a frame) page faults: 1203735284
	Voluntary context switches: 10982
	Involuntary context switches: 30625
	Swaps: 0
	File system inputs: 23567
	File system outputs: 97608
	Socket messages sent: 0
	Socket messages received: 0
	Signals delivered: 0
	Page size (bytes): 4043
	Exit status: 0
------------------------------------
Job finished at Fri Feb 06 04:54:24 2026
