Job started at Fri Feb 06 02:13:34 2026
Running on hpc3-c12-n26.unitn.it
MPI ranks: 2
OMP threads per rank: 2
------------------------------------
	Command being timed: "mpiexec --mca mpi_cuda_support 0 -n 2 /home/guglielmo.boi/hpc-project/bin/spectral_clustering /home/guglielmo.boi/hpc-project/data/input/gaussian_131072.csv /home/guglielmo.boi/hpc-project/data/output/gaussian_131072_r2.csv"
	User time (seconds): 52190.20
	System time (seconds): 992.14
	Percent of CPU this job got: 199%
	Elapsed (wall clock) time (h:mm:ss or m:ss): 3:33:20
	Average shared text size (kbytes): 0
	Average unshared data size (kbytes): 0
	Average stack size (kbytes): 0
	Average total size (kbytes): 0
	Maximum resident set size (kbytes): 483116549
	Average resident set size (kbytes): 0
	Major (requiring I/O) page faults: 100
	Minor (reclaiming a frame) page faults: 1248725341
	Voluntary context switches: 11129
	Involuntary context switches: 30101
	Swaps: 0
	File system inputs: 23233
	File system outputs: 100186
	Socket messages sent: 0
	Socket messages received: 0
	Signals delivered: 0
	Page size (bytes): 4039
	Exit status: 0
------------------------------------
Job finished at Fri Feb 06 05:46:54 2026
