Job started at Fri Feb 06 00:30:24 2026
Running on hpc3-c12-n52.unitn.it
MPI ranks: 32
OMP threads per rank: 2
------------------------------------
	Command being timed: "mpiexec --mca mpi_cuda_support 0 -n 32 /home/guglielmo.boi/hpc-project/bin/spectral_clustering /home/guglielmo.boi/hpc-project/data/input/gaussian_32768.csv /home/guglielmo.boi/hpc-project/data/output/gaussian_32768_r32.csv"
	User time (seconds): 98306.85
	System time (seconds): 17.13
	Percent of CPU this job got: 299%
	Elapsed (wall clock) time (h:mm:ss or m:ss): 0:25:23
	Average shared text size (kbytes): 0
	Average unshared data size (kbytes): 0
	Average stack size (kbytes): 0
	Average total size (kbytes): 0
	Maximum resident set size (kbytes): 25419561
	Average resident set size (kbytes): 0
	Major (requiring I/O) page faults: 343
	Minor (reclaiming a frame) page faults: 385589
	Voluntary context switches: 47405
	Involuntary context switches: 1158050
	Swaps: 0
	File system inputs: 4095
	File system outputs: 446903
	Socket messages sent: 0
	Socket messages received: 0
	Signals delivered: 0
	Page size (bytes): 4158
	Exit status: 0
------------------------------------
Job finished at Fri Feb 06 00:55:47 2026
