Job started at Fri Feb 06 01:33:51 2026
Running on hpc3-c12-n24.unitn.it
MPI ranks: 32
OMP threads per rank: 2
------------------------------------
	Command being timed: "mpiexec --mca mpi_cuda_support 0 -n 32 /home/guglielmo.boi/hpc-project/bin/spectral_clustering /home/guglielmo.boi/hpc-project/data/input/gaussian_65536.csv /home/guglielmo.boi/hpc-project/data/output/gaussian_65536_r32.csv"
	User time (seconds): 280732.57
	System time (seconds): 156.28
	Percent of CPU this job got: 299%
	Elapsed (wall clock) time (h:mm:ss or m:ss): 1:13:13
	Average shared text size (kbytes): 0
	Average unshared data size (kbytes): 0
	Average stack size (kbytes): 0
	Average total size (kbytes): 0
	Maximum resident set size (kbytes): 99230398
	Average resident set size (kbytes): 0
	Major (requiring I/O) page faults: 2564
	Minor (reclaiming a frame) page faults: 127074744
	Voluntary context switches: 129408
	Involuntary context switches: 9573745
	Swaps: 0
	File system inputs: 8173
	File system outputs: 3372475
	Socket messages sent: 0
	Socket messages received: 0
	Signals delivered: 0
	Page size (bytes): 4134
	Exit status: 0
------------------------------------
Job finished at Fri Feb 06 02:47:04 2026
