Job started at Fri Jan 30 12:11:42 PM CET 2026
Running on hpc3-c03-n08.unitn.it
MPI ranks: 1
OMP threads per rank: 4
------------------------------------
	Command being timed: "mpiexec --mca mpi_cuda_support 0 -n 1 /home/guglielmo.boi/hpc-project/bin/spectral_clustering /home/guglielmo.boi/hpc-project/data/input/gaussian_8192.csv /home/guglielmo.boi/hpc-project/data/output/gaussian_8192_r1.csv"
	User time (seconds): 592.36
	System time (seconds): 1.11
	Percent of CPU this job got: 99%
	Elapsed (wall clock) time (h:mm:ss or m:ss): 9:56.79
	Average shared text size (kbytes): 0
	Average unshared data size (kbytes): 0
	Average stack size (kbytes): 0
	Average total size (kbytes): 0
	Maximum resident set size (kbytes): 2641912
	Average resident set size (kbytes): 0
	Major (requiring I/O) page faults: 11
	Minor (reclaiming a frame) page faults: 20709
	Voluntary context switches: 637
	Involuntary context switches: 1709
	Swaps: 0
	File system inputs: 1552
	File system outputs: 16960
	Socket messages sent: 0
	Socket messages received: 0
	Signals delivered: 0
	Page size (bytes): 4096
	Exit status: 0
------------------------------------
Job finished at Fri Jan 30 12:21:39 PM CET 2026
