Job started at Fri Jan 30 12:11:43 PM CET 2026
Running on hpc3-c03-n07.unitn.it
MPI ranks: 4
OMP threads per rank: 4
------------------------------------
	Command being timed: "mpiexec --mca mpi_cuda_support 0 -n 4 /home/guglielmo.boi/hpc-project/bin/spectral_clustering /home/guglielmo.boi/hpc-project/data/input/gaussian_4096.csv /home/guglielmo.boi/hpc-project/data/output/gaussian_4096_r4.csv"
	User time (seconds): 295.57
	System time (seconds): 1.41
	Percent of CPU this job got: 196%
	Elapsed (wall clock) time (h:mm:ss or m:ss): 2:31.26
	Average shared text size (kbytes): 0
	Average unshared data size (kbytes): 0
	Average stack size (kbytes): 0
	Average total size (kbytes): 0
	Maximum resident set size (kbytes): 576196
	Average resident set size (kbytes): 0
	Major (requiring I/O) page faults: 433
	Minor (reclaiming a frame) page faults: 31701
	Voluntary context switches: 6410
	Involuntary context switches: 23826
	Swaps: 0
	File system inputs: 93888
	File system outputs: 19872
	Socket messages sent: 0
	Socket messages received: 0
	Signals delivered: 0
	Page size (bytes): 4096
	Exit status: 0
------------------------------------
Job finished at Fri Jan 30 12:14:14 PM CET 2026
