Job started at Fri Jan 30 12:11:42 PM CET 2026
Running on hpc3-c05-n01.unitn.it
MPI ranks: 8
OMP threads per rank: 4
------------------------------------
	Command being timed: "mpiexec --mca mpi_cuda_support 0 -n 8 /home/guglielmo.boi/hpc-project/bin/spectral_clustering /home/guglielmo.boi/hpc-project/data/input/gaussian_8192.csv /home/guglielmo.boi/hpc-project/data/output/gaussian_8192_r8.csv"
	User time (seconds): 4735.90
	System time (seconds): 2.63
	Percent of CPU this job got: 199%
	Elapsed (wall clock) time (h:mm:ss or m:ss): 39:36.82
	Average shared text size (kbytes): 0
	Average unshared data size (kbytes): 0
	Average stack size (kbytes): 0
	Average total size (kbytes): 0
	Maximum resident set size (kbytes): 2182860
	Average resident set size (kbytes): 0
	Major (requiring I/O) page faults: 18
	Minor (reclaiming a frame) page faults: 63192
	Voluntary context switches: 4019
	Involuntary context switches: 684323
	Swaps: 0
	File system inputs: 608
	File system outputs: 23216
	Socket messages sent: 0
	Socket messages received: 0
	Signals delivered: 0
	Page size (bytes): 4096
	Exit status: 0
------------------------------------
Job finished at Fri Jan 30 12:51:19 PM CET 2026
