Job started at Fri Jan 30 12:11:43 PM CET 2026
Running on hpc3-c03-n10.unitn.it
MPI ranks: 8
OMP threads per rank: 4
------------------------------------
	Command being timed: "mpiexec --mca mpi_cuda_support 0 -n 8 /home/guglielmo.boi/hpc-project/bin/spectral_clustering /home/guglielmo.boi/hpc-project/data/input/gaussian_4096.csv /home/guglielmo.boi/hpc-project/data/output/gaussian_4096_r8.csv"
	User time (seconds): 666.86
	System time (seconds): 2.62
	Percent of CPU this job got: 296%
	Elapsed (wall clock) time (h:mm:ss or m:ss): 3:45.94
	Average shared text size (kbytes): 0
	Average unshared data size (kbytes): 0
	Average stack size (kbytes): 0
	Average total size (kbytes): 0
	Maximum resident set size (kbytes): 560092
	Average resident set size (kbytes): 0
	Major (requiring I/O) page faults: 522
	Minor (reclaiming a frame) page faults: 51386
	Voluntary context switches: 11212
	Involuntary context switches: 69418
	Swaps: 0
	File system inputs: 93888
	File system outputs: 22984
	Socket messages sent: 0
	Socket messages received: 0
	Signals delivered: 0
	Page size (bytes): 4096
	Exit status: 0
------------------------------------
Job finished at Fri Jan 30 12:15:29 PM CET 2026
