Job started at Fri Jan 30 12:14:17 PM CET 2026
Running on hpc3-c03-n07.unitn.it
MPI ranks: 4
OMP threads per rank: 4
------------------------------------
	Command being timed: "mpiexec --mca mpi_cuda_support 0 -n 4 /home/guglielmo.boi/hpc-project/bin/spectral_clustering /home/guglielmo.boi/hpc-project/data/input/gaussian_16384.csv /home/guglielmo.boi/hpc-project/data/output/gaussian_16384_r4.csv"
	User time (seconds): 18831.88
	System time (seconds): 4.67
	Percent of CPU this job got: 199%
	Elapsed (wall clock) time (h:mm:ss or m:ss): 2:37:30
	Average shared text size (kbytes): 0
	Average unshared data size (kbytes): 0
	Average stack size (kbytes): 0
	Average total size (kbytes): 0
	Maximum resident set size (kbytes): 8935564
	Average resident set size (kbytes): 0
	Major (requiring I/O) page faults: 16
	Minor (reclaiming a frame) page faults: 81375
	Voluntary context switches: 1734
	Involuntary context switches: 1466715
	Swaps: 0
	File system inputs: 1888
	File system outputs: 20536
	Socket messages sent: 0
	Socket messages received: 0
	Signals delivered: 0
	Page size (bytes): 4096
	Exit status: 0
------------------------------------
Job finished at Fri Jan 30 02:51:47 PM CET 2026
