Job started at Fri Jan 30 12:11:42 PM CET 2026
Running on hpc3-c03-n09.unitn.it
MPI ranks: 2
OMP threads per rank: 4
------------------------------------
	Command being timed: "mpiexec --mca mpi_cuda_support 0 -n 2 /home/guglielmo.boi/hpc-project/bin/spectral_clustering /home/guglielmo.boi/hpc-project/data/input/gaussian_4096.csv /home/guglielmo.boi/hpc-project/data/output/gaussian_4096_r2.csv"
	User time (seconds): 152.85
	System time (seconds): 0.78
	Percent of CPU this job got: 196%
	Elapsed (wall clock) time (h:mm:ss or m:ss): 1:18.28
	Average shared text size (kbytes): 0
	Average unshared data size (kbytes): 0
	Average stack size (kbytes): 0
	Average total size (kbytes): 0
	Maximum resident set size (kbytes): 609356
	Average resident set size (kbytes): 0
	Major (requiring I/O) page faults: 21
	Minor (reclaiming a frame) page faults: 21477
	Voluntary context switches: 1016
	Involuntary context switches: 603
	Swaps: 0
	File system inputs: 608
	File system outputs: 17264
	Socket messages sent: 0
	Socket messages received: 0
	Signals delivered: 0
	Page size (bytes): 4096
	Exit status: 0
------------------------------------
Job finished at Fri Jan 30 12:13:01 PM CET 2026
