Job started at Fri Jan 30 12:15:32 PM CET 2026
Running on hpc3-c03-n10.unitn.it
MPI ranks: 8
OMP threads per rank: 4
------------------------------------
	Command being timed: "mpiexec --mca mpi_cuda_support 0 -n 8 /home/guglielmo.boi/hpc-project/bin/spectral_clustering /home/guglielmo.boi/hpc-project/data/input/gaussian_16384.csv /home/guglielmo.boi/hpc-project/data/output/gaussian_16384_r8.csv"
	User time (seconds): 42495.73
	System time (seconds): 6.55
	Percent of CPU this job got: 299%
	Elapsed (wall clock) time (h:mm:ss or m:ss): 3:56:53
	Average shared text size (kbytes): 0
	Average unshared data size (kbytes): 0
	Average stack size (kbytes): 0
	Average total size (kbytes): 0
	Maximum resident set size (kbytes): 8673368
	Average resident set size (kbytes): 0
	Major (requiring I/O) page faults: 17
	Minor (reclaiming a frame) page faults: 112886
	Voluntary context switches: 7965
	Involuntary context switches: 4283536
	Swaps: 0
	File system inputs: 1888
	File system outputs: 23648
	Socket messages sent: 0
	Socket messages received: 0
	Signals delivered: 0
	Page size (bytes): 4096
	Exit status: 0
------------------------------------
Job finished at Fri Jan 30 04:12:25 PM CET 2026
