Job started at Fri Jan 30 12:35:34 PM CET 2026
Running on hpc3-c03-n08.unitn.it
MPI ranks: 4
OMP threads per rank: 4
------------------------------------
	Command being timed: "mpiexec --mca mpi_cuda_support 0 -n 4 /home/guglielmo.boi/hpc-project/bin/spectral_clustering /home/guglielmo.boi/hpc-project/data/input/mixed_8192.csv /home/guglielmo.boi/hpc-project/data/output/mixed_8192_r4.csv"
	User time (seconds): 2388.91
	System time (seconds): 1.93
	Percent of CPU this job got: 199%
	Elapsed (wall clock) time (h:mm:ss or m:ss): 20:00.69
	Average shared text size (kbytes): 0
	Average unshared data size (kbytes): 0
	Average stack size (kbytes): 0
	Average total size (kbytes): 0
	Maximum resident set size (kbytes): 2248576
	Average resident set size (kbytes): 0
	Major (requiring I/O) page faults: 14
	Minor (reclaiming a frame) page faults: 39324
	Voluntary context switches: 1783
	Involuntary context switches: 186779
	Swaps: 0
	File system inputs: 0
	File system outputs: 20048
	Socket messages sent: 0
	Socket messages received: 0
	Signals delivered: 0
	Page size (bytes): 4096
	Exit status: 0
------------------------------------
Job finished at Fri Jan 30 12:55:35 PM CET 2026
