Job started at Fri Jan 30 01:11:20 PM CET 2026
Running on hpc3-c03-n06.unitn.it
MPI ranks: 8
OMP threads per rank: 4
------------------------------------
	Command being timed: "mpiexec --mca mpi_cuda_support 0 -n 8 /home/guglielmo.boi/hpc-project/bin/spectral_clustering /home/guglielmo.boi/hpc-project/data/input/mixed_16384.csv /home/guglielmo.boi/hpc-project/data/output/mixed_16384_r8.csv"
	User time (seconds): 45460.29
	System time (seconds): 6.51
	Percent of CPU this job got: 299%
	Elapsed (wall clock) time (h:mm:ss or m:ss): 4:13:21
	Average shared text size (kbytes): 0
	Average unshared data size (kbytes): 0
	Average stack size (kbytes): 0
	Average total size (kbytes): 0
	Maximum resident set size (kbytes): 8674148
	Average resident set size (kbytes): 0
	Major (requiring I/O) page faults: 17
	Minor (reclaiming a frame) page faults: 113992
	Voluntary context switches: 7766
	Involuntary context switches: 4572352
	Swaps: 0
	File system inputs: 1896
	File system outputs: 23664
	Socket messages sent: 0
	Socket messages received: 0
	Signals delivered: 0
	Page size (bytes): 4096
	Exit status: 0
------------------------------------
Job finished at Fri Jan 30 05:24:41 PM CET 2026
