Job started at Fri Jan 30 12:28:01 PM CET 2026
Running on hpc3-c03-n06.unitn.it
MPI ranks: 2
OMP threads per rank: 4
------------------------------------
	Command being timed: "mpiexec --mca mpi_cuda_support 0 -n 2 /home/guglielmo.boi/hpc-project/bin/spectral_clustering /home/guglielmo.boi/hpc-project/data/input/mixed_8192.csv /home/guglielmo.boi/hpc-project/data/output/mixed_8192_r2.csv"
	User time (seconds): 1316.32
	System time (seconds): 1.46
	Percent of CPU this job got: 199%
	Elapsed (wall clock) time (h:mm:ss or m:ss): 11:01.95
	Average shared text size (kbytes): 0
	Average unshared data size (kbytes): 0
	Average stack size (kbytes): 0
	Average total size (kbytes): 0
	Maximum resident set size (kbytes): 2379608
	Average resident set size (kbytes): 0
	Major (requiring I/O) page faults: 19
	Minor (reclaiming a frame) page faults: 27079
	Voluntary context switches: 1009
	Involuntary context switches: 2219
	Swaps: 0
	File system inputs: 0
	File system outputs: 17504
	Socket messages sent: 0
	Socket messages received: 0
	Signals delivered: 0
	Page size (bytes): 4096
	Exit status: 0
------------------------------------
Job finished at Fri Jan 30 12:39:03 PM CET 2026
