Job started at Fri Jan 30 12:55:37 PM CET 2026
Running on hpc3-c03-n08.unitn.it
MPI ranks: 4
OMP threads per rank: 4
------------------------------------
	Command being timed: "mpiexec --mca mpi_cuda_support 0 -n 4 /home/guglielmo.boi/hpc-project/bin/spectral_clustering /home/guglielmo.boi/hpc-project/data/input/mixed_16384.csv /home/guglielmo.boi/hpc-project/data/output/mixed_16384_r4.csv"
	User time (seconds): 19169.69
	System time (seconds): 4.65
	Percent of CPU this job got: 199%
	Elapsed (wall clock) time (h:mm:ss or m:ss): 2:40:20
	Average shared text size (kbytes): 0
	Average unshared data size (kbytes): 0
	Average stack size (kbytes): 0
	Average total size (kbytes): 0
	Maximum resident set size (kbytes): 8935496
	Average resident set size (kbytes): 0
	Major (requiring I/O) page faults: 14
	Minor (reclaiming a frame) page faults: 81295
	Voluntary context switches: 1761
	Involuntary context switches: 1493456
	Swaps: 0
	File system inputs: 0
	File system outputs: 20544
	Socket messages sent: 0
	Socket messages received: 0
	Signals delivered: 0
	Page size (bytes): 4096
	Exit status: 0
------------------------------------
Job finished at Fri Jan 30 03:35:58 PM CET 2026
