Job started at Fri Jan 30 12:39:06 PM CET 2026
Running on hpc3-c03-n06.unitn.it
MPI ranks: 8
OMP threads per rank: 4
------------------------------------
	Command being timed: "mpiexec --mca mpi_cuda_support 0 -n 8 /home/guglielmo.boi/hpc-project/bin/spectral_clustering /home/guglielmo.boi/hpc-project/data/input/mixed_8192.csv /home/guglielmo.boi/hpc-project/data/output/mixed_8192_r8.csv"
	User time (seconds): 5770.08
	System time (seconds): 3.14
	Percent of CPU this job got: 298%
	Elapsed (wall clock) time (h:mm:ss or m:ss): 32:10.85
	Average shared text size (kbytes): 0
	Average unshared data size (kbytes): 0
	Average stack size (kbytes): 0
	Average total size (kbytes): 0
	Maximum resident set size (kbytes): 2183432
	Average resident set size (kbytes): 0
	Major (requiring I/O) page faults: 17
	Minor (reclaiming a frame) page faults: 63183
	Voluntary context switches: 7439
	Involuntary context switches: 582030
	Swaps: 0
	File system inputs: 0
	File system outputs: 23120
	Socket messages sent: 0
	Socket messages received: 0
	Signals delivered: 0
	Page size (bytes): 4096
	Exit status: 0
------------------------------------
Job finished at Fri Jan 30 01:11:17 PM CET 2026
