Job started at Fri Jan 30 12:51:23 PM CET 2026
Running on hpc3-c05-n02.unitn.it
MPI ranks: 2
OMP threads per rank: 4
------------------------------------
	Command being timed: "mpiexec --mca mpi_cuda_support 0 -n 2 /home/guglielmo.boi/hpc-project/bin/spectral_clustering /home/guglielmo.boi/hpc-project/data/input/mixed_16384.csv /home/guglielmo.boi/hpc-project/data/output/mixed_16384_r2.csv"
	User time (seconds): 9457.97
	System time (seconds): 3.32
	Percent of CPU this job got: 199%
	Elapsed (wall clock) time (h:mm:ss or m:ss): 1:19:02
	Average shared text size (kbytes): 0
	Average unshared data size (kbytes): 0
	Average stack size (kbytes): 0
	Average total size (kbytes): 0
	Maximum resident set size (kbytes): 9460580
	Average resident set size (kbytes): 0
	Major (requiring I/O) page faults: 17
	Minor (reclaiming a frame) page faults: 62170
	Voluntary context switches: 1006
	Involuntary context switches: 13586
	Swaps: 0
	File system inputs: 1896
	File system outputs: 17960
	Socket messages sent: 0
	Socket messages received: 0
	Signals delivered: 0
	Page size (bytes): 4096
	Exit status: 0
------------------------------------
Job finished at Fri Jan 30 02:10:25 PM CET 2026
