Job started at Fri Jan 30 12:21:42 PM CET 2026
Running on hpc3-c03-n08.unitn.it
MPI ranks: 1
OMP threads per rank: 4
------------------------------------
	Command being timed: "mpiexec --mca mpi_cuda_support 0 -n 1 /home/guglielmo.boi/hpc-project/bin/spectral_clustering /home/guglielmo.boi/hpc-project/data/input/mixed_4096.csv /home/guglielmo.boi/hpc-project/data/output/mixed_4096_r1.csv"
	User time (seconds): 72.13
	System time (seconds): 0.49
	Percent of CPU this job got: 97%
	Elapsed (wall clock) time (h:mm:ss or m:ss): 1:14.16
	Average shared text size (kbytes): 0
	Average unshared data size (kbytes): 0
	Average stack size (kbytes): 0
	Average total size (kbytes): 0
	Maximum resident set size (kbytes): 674612
	Average resident set size (kbytes): 0
	Major (requiring I/O) page faults: 9
	Minor (reclaiming a frame) page faults: 16443
	Voluntary context switches: 630
	Involuntary context switches: 316
	Swaps: 0
	File system inputs: 472
	File system outputs: 16720
	Socket messages sent: 0
	Socket messages received: 0
	Signals delivered: 0
	Page size (bytes): 4096
	Exit status: 0
------------------------------------
Job finished at Fri Jan 30 12:22:56 PM CET 2026
