Job started at Fri Feb 06 20:28:52 2026
Running on hpc3-c12-n34.unitn.it
MPI ranks: 4
OMP threads per rank: 4
------------------------------------
	Command being timed: "mpiexec --mca mpi_cuda_support 0 -n 4 /home/guglielmo.boi/hpc-project/bin/spectral_clustering /home/guglielmo.boi/hpc-project/data/input/gaussian_65536.csv /home/guglielmo.boi/hpc-project/data/output/gaussian_65536_r4.csv"
	User time (seconds): 70871.09
	System time (seconds): 32.57
	Percent of CPU this job got: 99%
	Elapsed (wall clock) time (h:mm:ss or m:ss): 1:14:10
	Average shared text size (kbytes): 0
	Average unshared data size (kbytes): 0
	Average stack size (kbytes): 0
	Average total size (kbytes): 0
	Maximum resident set size (kbytes): 112411905
	Average resident set size (kbytes): 0
	Major (requiring I/O) page faults: 13
	Minor (reclaiming a frame) page faults: 509326
	Voluntary context switches: 4288
	Involuntary context switches: 588983
	Swaps: 0
	File system inputs: 0
	File system outputs: 119229
	Socket messages sent: 0
	Socket messages received: 0
	Signals delivered: 0
	Page size (bytes): 4115
	Exit status: 0
------------------------------------
Job finished at Fri Feb 06 21:43:02 2026
