Job started at Fri Feb 06 22:32:18 2026
Running on hpc3-c12-n28.unitn.it
MPI ranks: 16
OMP threads per rank: 4
------------------------------------
	Command being timed: "mpiexec --mca mpi_cuda_support 0 -n 16 /home/guglielmo.boi/hpc-project/bin/spectral_clustering /home/guglielmo.boi/hpc-project/data/input/gaussian_131072.csv /home/guglielmo.boi/hpc-project/data/output/gaussian_131072_r16.csv"
	User time (seconds): 283798.09
	System time (seconds): 984.17
	Percent of CPU this job got: 199%
	Elapsed (wall clock) time (h:mm:ss or m:ss): 1:15:12
	Average shared text size (kbytes): 0
	Average unshared data size (kbytes): 0
	Average stack size (kbytes): 0
	Average total size (kbytes): 0
	Maximum resident set size (kbytes): 482339881
	Average resident set size (kbytes): 0
	Major (requiring I/O) page faults: 36
	Minor (reclaiming a frame) page faults: 1136391921
	Voluntary context switches: 11231
	Involuntary context switches: 28764
	Swaps: 0
	File system inputs: 15643
	File system outputs: 103246
	Socket messages sent: 0
	Socket messages received: 0
	Signals delivered: 0
	Page size (bytes): 4123
	Exit status: 0
------------------------------------
Job finished at Fri Feb 06 23:47:30 2026
