Job started at Fri Feb 06 21:37:59 2026
Running on hpc3-c12-n34.unitn.it
MPI ranks: 1
OMP threads per rank: 4
------------------------------------
	Command being timed: "mpiexec --mca mpi_cuda_support 0 -n 1 /home/guglielmo.boi/hpc-project/bin/spectral_clustering /home/guglielmo.boi/hpc-project/data/input/gaussian_131072.csv /home/guglielmo.boi/hpc-project/data/output/gaussian_131072_r1.csv"
	User time (seconds): 44660.97
	System time (seconds): 317.88
	Percent of CPU this job got: 99%
	Elapsed (wall clock) time (h:mm:ss or m:ss): 3:05:50
	Average shared text size (kbytes): 0
	Average unshared data size (kbytes): 0
	Average stack size (kbytes): 0
	Average total size (kbytes): 0
	Maximum resident set size (kbytes): 527695048
	Average resident set size (kbytes): 0
	Major (requiring I/O) page faults: 9
	Minor (reclaiming a frame) page faults: 219699194
	Voluntary context switches: 1325
	Involuntary context switches: 8616
	Swaps: 0
	File system inputs: 15152
	File system outputs: 23522
	Socket messages sent: 0
	Socket messages received: 0
	Signals delivered: 0
	Page size (bytes): 4158
	Exit status: 0
------------------------------------
Job finished at Sat Feb 07 00:43:49 2026
