Job started at Fri Feb 06 19:22:31 2026
Running on hpc3-c12-n33.unitn.it
MPI ranks: 1
OMP threads per rank: 4
------------------------------------
	Command being timed: "mpiexec --mca mpi_cuda_support 0 -n 1 /home/guglielmo.boi/hpc-project/bin/spectral_clustering /home/guglielmo.boi/hpc-project/data/input/gaussian_32768.csv /home/guglielmo.boi/hpc-project/data/output/gaussian_32768_r1.csv"
	User time (seconds): 8338.39
	System time (seconds): 8.86
	Percent of CPU this job got: 98%
	Elapsed (wall clock) time (h:mm:ss or m:ss): 0:34:00
	Average shared text size (kbytes): 0
	Average unshared data size (kbytes): 0
	Average stack size (kbytes): 0
	Average total size (kbytes): 0
	Maximum resident set size (kbytes): 33152644
	Average resident set size (kbytes): 0
	Major (requiring I/O) page faults: 11
	Minor (reclaiming a frame) page faults: 45144
	Voluntary context switches: 924
	Involuntary context switches: 489
	Swaps: 0
	File system inputs: 3284
	File system outputs: 17897
	Socket messages sent: 0
	Socket messages received: 0
	Signals delivered: 0
	Page size (bytes): 4212
	Exit status: 0
------------------------------------
Job finished at Fri Feb 06 19:56:31 2026
