Job started at Fri Feb 06 22:32:18 2026
Running on hpc3-c12-n27.unitn.it
MPI ranks: 8
OMP threads per rank: 4
------------------------------------
	Command being timed: "mpiexec --mca mpi_cuda_support 0 -n 8 /home/guglielmo.boi/hpc-project/bin/spectral_clustering /home/guglielmo.boi/hpc-project/data/input/gaussian_131072.csv /home/guglielmo.boi/hpc-project/data/output/gaussian_131072_r8.csv"
	User time (seconds): 200439.39
	System time (seconds): 987.07
	Percent of CPU this job got: 199%
	Elapsed (wall clock) time (h:mm:ss or m:ss): 1:42:59
	Average shared text size (kbytes): 0
	Average unshared data size (kbytes): 0
	Average stack size (kbytes): 0
	Average total size (kbytes): 0
	Maximum resident set size (kbytes): 473114723
	Average resident set size (kbytes): 0
	Major (requiring I/O) page faults: 35
	Minor (reclaiming a frame) page faults: 1103453712
	Voluntary context switches: 11372
	Involuntary context switches: 28935
	Swaps: 0
	File system inputs: 15528
	File system outputs: 98950
	Socket messages sent: 0
	Socket messages received: 0
	Signals delivered: 0
	Page size (bytes): 4201
	Exit status: 0
------------------------------------
Job finished at Sat Feb 07 00:15:17 2026
