Job started at Fri Feb 06 19:52:18 2026
Running on hpc3-c12-n35.unitn.it
MPI ranks: 8
OMP threads per rank: 4
------------------------------------
	Command being timed: "mpiexec --mca mpi_cuda_support 0 -n 8 /home/guglielmo.boi/hpc-project/bin/spectral_clustering /home/guglielmo.boi/hpc-project/data/input/gaussian_32768.csv /home/guglielmo.boi/hpc-project/data/output/gaussian_32768_r8.csv"
	User time (seconds): 40058.01
	System time (seconds): 10.18
	Percent of CPU this job got: 198%
	Elapsed (wall clock) time (h:mm:ss or m:ss): 0:21:04
	Average shared text size (kbytes): 0
	Average unshared data size (kbytes): 0
	Average stack size (kbytes): 0
	Average total size (kbytes): 0
	Maximum resident set size (kbytes): 25861883
	Average resident set size (kbytes): 0
	Major (requiring I/O) page faults: 17
	Minor (reclaiming a frame) page faults: 134688
	Voluntary context switches: 10468
	Involuntary context switches: 187342
	Swaps: 0
	File system inputs: 0
	File system outputs: 59060
	Socket messages sent: 0
	Socket messages received: 0
	Signals delivered: 0
	Page size (bytes): 4200
	Exit status: 0
------------------------------------
Job finished at Fri Feb 06 20:13:22 2026
