Job started at Fri Feb 06 22:32:18 2026
Running on hpc3-c12-n28.unitn.it
MPI ranks: 2
OMP threads per rank: 4
------------------------------------
	Command being timed: "mpiexec --mca mpi_cuda_support 0 -n 2 /home/guglielmo.boi/hpc-project/bin/spectral_clustering /home/guglielmo.boi/hpc-project/data/input/gaussian_131072.csv /home/guglielmo.boi/hpc-project/data/output/gaussian_131072_r2.csv"
	User time (seconds): 77933.78
	System time (seconds): 1003.17
	Percent of CPU this job got: 199%
	Elapsed (wall clock) time (h:mm:ss or m:ss): 2:39:10
	Average shared text size (kbytes): 0
	Average unshared data size (kbytes): 0
	Average stack size (kbytes): 0
	Average total size (kbytes): 0
	Maximum resident set size (kbytes): 460192611
	Average resident set size (kbytes): 0
	Major (requiring I/O) page faults: 34
	Minor (reclaiming a frame) page faults: 1098324591
	Voluntary context switches: 11591
	Involuntary context switches: 29889
	Swaps: 0
	File system inputs: 15668
	File system outputs: 104441
	Socket messages sent: 0
	Socket messages received: 0
	Signals delivered: 0
	Page size (bytes): 4025
	Exit status: 0
------------------------------------
Job finished at Sat Feb 07 01:11:28 2026
