Job started at Fri Feb 06 19:27:43 2026
Running on hpc3-c12-n33.unitn.it
MPI ranks: 4
OMP threads per rank: 4
------------------------------------
	Command being timed: "mpiexec --mca mpi_cuda_support 0 -n 4 /home/guglielmo.boi/hpc-project/bin/spectral_clustering /home/guglielmo.boi/hpc-project/data/input/gaussian_32768.csv /home/guglielmo.boi/hpc-project/data/output/gaussian_32768_r4.csv"
	User time (seconds): 23689.38
	System time (seconds): 8.70
	Percent of CPU this job got: 99%
	Elapsed (wall clock) time (h:mm:ss or m:ss): 0:24:25
	Average shared text size (kbytes): 0
	Average unshared data size (kbytes): 0
	Average stack size (kbytes): 0
	Average total size (kbytes): 0
	Maximum resident set size (kbytes): 27495267
	Average resident set size (kbytes): 0
	Major (requiring I/O) page faults: 13
	Minor (reclaiming a frame) page faults: 92639
	Voluntary context switches: 3120
	Involuntary context switches: 209090
	Swaps: 0
	File system inputs: 0
	File system outputs: 62831
	Socket messages sent: 0
	Socket messages received: 0
	Signals delivered: 0
	Page size (bytes): 4116
	Exit status: 0
------------------------------------
Job finished at Fri Feb 06 19:52:08 2026
