Job started at Fri Feb 06 20:18:00 2026
Running on hpc3-c12-n33.unitn.it
MPI ranks: 1
OMP threads per rank: 4
------------------------------------
	Command being timed: "mpiexec --mca mpi_cuda_support 0 -n 1 /home/guglielmo.boi/hpc-project/bin/spectral_clustering /home/guglielmo.boi/hpc-project/data/input/gaussian_65536.csv /home/guglielmo.boi/hpc-project/data/output/gaussian_65536_r1.csv"
	User time (seconds): 25447.04
	System time (seconds): 34.53
	Percent of CPU this job got: 99%
	Elapsed (wall clock) time (h:mm:ss or m:ss): 1:45:00
	Average shared text size (kbytes): 0
	Average unshared data size (kbytes): 0
	Average stack size (kbytes): 0
	Average total size (kbytes): 0
	Maximum resident set size (kbytes): 131384181
	Average resident set size (kbytes): 0
	Major (requiring I/O) page faults: 9
	Minor (reclaiming a frame) page faults: 465920
	Voluntary context switches: 938
	Involuntary context switches: 1340
	Swaps: 0
	File system inputs: 7672
	File system outputs: 20375
	Socket messages sent: 0
	Socket messages received: 0
	Signals delivered: 0
	Page size (bytes): 4023
	Exit status: 0
------------------------------------
Job finished at Fri Feb 06 22:03:00 2026
