Job started at Fri Feb 06 20:03:19 2026
Running on hpc3-c12-n34.unitn.it
MPI ranks: 16
OMP threads per rank: 4
------------------------------------
	Command being timed: "mpiexec --mca mpi_cuda_support 0 -n 16 /home/guglielmo.boi/hpc-project/bin/spectral_clustering /home/guglielmo.boi/hpc-project/data/input/gaussian_32768.csv /home/guglielmo.boi/hpc-project/data/output/gaussian_32768_r16.csv"
	User time (seconds): 74496.28
	System time (seconds): 13.14
	Percent of CPU this job got: 299%
	Elapsed (wall clock) time (h:mm:ss or m:ss): 0:19:01
	Average shared text size (kbytes): 0
	Average unshared data size (kbytes): 0
	Average stack size (kbytes): 0
	Average total size (kbytes): 0
	Maximum resident set size (kbytes): 26394100
	Average resident set size (kbytes): 0
	Major (requiring I/O) page faults: 34
	Minor (reclaiming a frame) page faults: 215136
	Voluntary context switches: 24759
	Involuntary context switches: 521395
	Swaps: 0
	File system inputs: 0
	File system outputs: 169515
	Socket messages sent: 0
	Socket messages received: 0
	Signals delivered: 0
	Page size (bytes): 3988
	Exit status: 0
------------------------------------
Job finished at Fri Feb 06 20:22:20 2026
