Job started at Fri Feb 06 20:26:56 2026
Running on hpc3-c12-n27.unitn.it
MPI ranks: 2
OMP threads per rank: 4
------------------------------------
	Command being timed: "mpiexec --mca mpi_cuda_support 0 -n 2 /home/guglielmo.boi/hpc-project/bin/spectral_clustering /home/guglielmo.boi/hpc-project/data/input/gaussian_65536.csv /home/guglielmo.boi/hpc-project/data/output/gaussian_65536_r2.csv"
	User time (seconds): 41753.02
	System time (seconds): 36.91
	Percent of CPU this job got: 198%
	Elapsed (wall clock) time (h:mm:ss or m:ss): 1:29:10
	Average shared text size (kbytes): 0
	Average unshared data size (kbytes): 0
	Average stack size (kbytes): 0
	Average total size (kbytes): 0
	Maximum resident set size (kbytes): 115979488
	Average resident set size (kbytes): 0
	Major (requiring I/O) page faults: 60
	Minor (reclaiming a frame) page faults: 508715
	Voluntary context switches: 2215
	Involuntary context switches: 2524
	Swaps: 0
	File system inputs: 9268
	File system outputs: 26674
	Socket messages sent: 0
	Socket messages received: 0
	Signals delivered: 0
	Page size (bytes): 4078
	Exit status: 0
------------------------------------
Job finished at Fri Feb 06 21:56:06 2026
