Job started at Fri Feb 06 20:38:27 2026
Running on hpc3-c12-n27.unitn.it
MPI ranks: 8
OMP threads per rank: 4
------------------------------------
	Command being timed: "mpiexec --mca mpi_cuda_support 0 -n 8 /home/guglielmo.boi/hpc-project/bin/spectral_clustering /home/guglielmo.boi/hpc-project/data/input/gaussian_65536.csv /home/guglielmo.boi/hpc-project/data/output/gaussian_65536_r8.csv"
	User time (seconds): 111000.88
	System time (seconds): 36.23
	Percent of CPU this job got: 199%
	Elapsed (wall clock) time (h:mm:ss or m:ss): 0:58:38
	Average shared text size (kbytes): 0
	Average unshared data size (kbytes): 0
	Average stack size (kbytes): 0
	Average total size (kbytes): 0
	Maximum resident set size (kbytes): 102506364
	Average resident set size (kbytes): 0
	Major (requiring I/O) page faults: 27
	Minor (reclaiming a frame) page faults: 569271
	Voluntary context switches: 8245
	Involuntary context switches: 831447
	Swaps: 0
	File system inputs: 0
	File system outputs: 184488
	Socket messages sent: 0
	Socket messages received: 0
	Signals delivered: 0
	Page size (bytes): 4048
	Exit status: 0
------------------------------------
Job finished at Fri Feb 06 21:37:05 2026
