Job started at Fri Feb 06 22:32:18 2026
Running on hpc3-c12-n27.unitn.it
MPI ranks: 2
OMP threads per rank: 4
------------------------------------
	Command being timed: "mpiexec --mca mpi_cuda_support 0 -n 2 /home/guglielmo.boi/hpc-project/bin/spectral_clustering /home/guglielmo.boi/hpc-project/data/input/mixed_131072.csv /home/guglielmo.boi/hpc-project/data/output/mixed_131072_r2.csv"
	User time (seconds): 81241.27
	System time (seconds): 985.25
	Percent of CPU this job got: 199%
	Elapsed (wall clock) time (h:mm:ss or m:ss): 2:39:10
	Average shared text size (kbytes): 0
	Average unshared data size (kbytes): 0
	Average stack size (kbytes): 0
	Average total size (kbytes): 0
	Maximum resident set size (kbytes): 439562373
	Average resident set size (kbytes): 0
	Major (requiring I/O) page faults: 35
	Minor (reclaiming a frame) page faults: 1097289849
	Voluntary context switches: 11970
	Involuntary context switches: 29368
	Swaps: 0
	File system inputs: 16102
	File system outputs: 105323
	Socket messages sent: 0
	Socket messages received: 0
	Signals delivered: 0
	Page size (bytes): 3957
	Exit status: 0
------------------------------------
Job finished at Sat Feb 07 01:11:28 2026
