Job started at Fri Feb 06 20:26:56 2026
Running on hpc3-c12-n28.unitn.it
MPI ranks: 2
OMP threads per rank: 4
------------------------------------
	Command being timed: "mpiexec --mca mpi_cuda_support 0 -n 2 /home/guglielmo.boi/hpc-project/bin/spectral_clustering /home/guglielmo.boi/hpc-project/data/input/mixed_65536.csv /home/guglielmo.boi/hpc-project/data/output/mixed_65536_r2.csv"
	User time (seconds): 42336.28
	System time (seconds): 37.96
	Percent of CPU this job got: 198%
	Elapsed (wall clock) time (h:mm:ss or m:ss): 1:29:10
	Average shared text size (kbytes): 0
	Average unshared data size (kbytes): 0
	Average stack size (kbytes): 0
	Average total size (kbytes): 0
	Maximum resident set size (kbytes): 112012598
	Average resident set size (kbytes): 0
	Major (requiring I/O) page faults: 58
	Minor (reclaiming a frame) page faults: 513953
	Voluntary context switches: 2122
	Involuntary context switches: 2454
	Swaps: 0
	File system inputs: 8977
	File system outputs: 25395
	Socket messages sent: 0
	Socket messages received: 0
	Signals delivered: 0
	Page size (bytes): 4266
	Exit status: 0
------------------------------------
Job finished at Fri Feb 06 21:56:06 2026
