Job started at Fri Feb 06 19:52:18 2026
Running on hpc3-c12-n36.unitn.it
MPI ranks: 8
OMP threads per rank: 4
------------------------------------
	Command being timed: "mpiexec --mca mpi_cuda_support 0 -n 8 /home/guglielmo.boi/hpc-project/bin/spectral_clustering /home/guglielmo.boi/hpc-project/data/input/mixed_32768.csv /home/guglielmo.boi/hpc-project/data/output/mixed_32768_r8.csv"
	User time (seconds): 41861.65
	System time (seconds): 10.19
	Percent of CPU this job got: 198%
	Elapsed (wall clock) time (h:mm:ss or m:ss): 0:21:04
	Average shared text size (kbytes): 0
	Average unshared data size (kbytes): 0
	Average stack size (kbytes): 0
	Average total size (kbytes): 0
	Maximum resident set size (kbytes): 26097117
	Average resident set size (kbytes): 0
	Major (requiring I/O) page faults: 17
	Minor (reclaiming a frame) page faults: 136589
	Voluntary context switches: 10464
	Involuntary context switches: 178272
	Swaps: 0
	File system inputs: 0
	File system outputs: 56982
	Socket messages sent: 0
	Socket messages received: 0
	Signals delivered: 0
	Page size (bytes): 4401
	Exit status: 0
------------------------------------
Job finished at Fri Feb 06 20:13:22 2026
