Job started at Fri Feb 06 20:38:27 2026
Running on hpc3-c12-n28.unitn.it
MPI ranks: 8
OMP threads per rank: 4
------------------------------------
	Command being timed: "mpiexec --mca mpi_cuda_support 0 -n 8 /home/guglielmo.boi/hpc-project/bin/spectral_clustering /home/guglielmo.boi/hpc-project/data/input/mixed_65536.csv /home/guglielmo.boi/hpc-project/data/output/mixed_65536_r8.csv"
	User time (seconds): 112079.05
	System time (seconds): 36.65
	Percent of CPU this job got: 199%
	Elapsed (wall clock) time (h:mm:ss or m:ss): 0:58:38
	Average shared text size (kbytes): 0
	Average unshared data size (kbytes): 0
	Average stack size (kbytes): 0
	Average total size (kbytes): 0
	Maximum resident set size (kbytes): 103136867
	Average resident set size (kbytes): 0
	Major (requiring I/O) page faults: 28
	Minor (reclaiming a frame) page faults: 545903
	Voluntary context switches: 8643
	Involuntary context switches: 845875
	Swaps: 0
	File system inputs: 0
	File system outputs: 189503
	Socket messages sent: 0
	Socket messages received: 0
	Signals delivered: 0
	Page size (bytes): 4147
	Exit status: 0
------------------------------------
Job finished at Fri Feb 06 21:37:05 2026
