Job started at Fri Feb 06 19:25:12 2026
Running on hpc3-c12-n35.unitn.it
MPI ranks: 2
OMP threads per rank: 4
------------------------------------
	Command being timed: "mpiexec --mca mpi_cuda_support 0 -n 2 /home/guglielmo.boi/hpc-project/bin/spectral_clustering /home/guglielmo.boi/hpc-project/data/input/mixed_32768.csv /home/guglielmo.boi/hpc-project/data/output/mixed_32768_r2.csv"
	User time (seconds): 14419.96
	System time (seconds): 8.67
	Percent of CPU this job got: 197%
	Elapsed (wall clock) time (h:mm:ss or m:ss): 0:29:15
	Average shared text size (kbytes): 0
	Average unshared data size (kbytes): 0
	Average stack size (kbytes): 0
	Average total size (kbytes): 0
	Maximum resident set size (kbytes): 30733434
	Average resident set size (kbytes): 0
	Major (requiring I/O) page faults: 12
	Minor (reclaiming a frame) page faults: 67130
	Voluntary context switches: 1494
	Involuntary context switches: 933
	Swaps: 0
	File system inputs: 0
	File system outputs: 18360
	Socket messages sent: 0
	Socket messages received: 0
	Signals delivered: 0
	Page size (bytes): 4202
	Exit status: 0
------------------------------------
Job finished at Fri Feb 06 19:54:27 2026
