Job started at Fri Feb 06 20:03:19 2026
Running on hpc3-c12-n34.unitn.it
MPI ranks: 16
OMP threads per rank: 4
------------------------------------
	Command being timed: "mpiexec --mca mpi_cuda_support 0 -n 16 /home/guglielmo.boi/hpc-project/bin/spectral_clustering /home/guglielmo.boi/hpc-project/data/input/mixed_32768.csv /home/guglielmo.boi/hpc-project/data/output/mixed_32768_r16.csv"
	User time (seconds): 77703.24
	System time (seconds): 13.45
	Percent of CPU this job got: 299%
	Elapsed (wall clock) time (h:mm:ss or m:ss): 0:19:01
	Average shared text size (kbytes): 0
	Average unshared data size (kbytes): 0
	Average stack size (kbytes): 0
	Average total size (kbytes): 0
	Maximum resident set size (kbytes): 25129443
	Average resident set size (kbytes): 0
	Major (requiring I/O) page faults: 35
	Minor (reclaiming a frame) page faults: 207871
	Voluntary context switches: 25382
	Involuntary context switches: 529100
	Swaps: 0
	File system inputs: 0
	File system outputs: 173089
	Socket messages sent: 0
	Socket messages received: 0
	Signals delivered: 0
	Page size (bytes): 4107
	Exit status: 0
------------------------------------
Job finished at Fri Feb 06 20:22:20 2026
