Job started at Fri Feb 06 21:25:46 2026
Running on hpc3-c12-n26.unitn.it
MPI ranks: 16
OMP threads per rank: 4
------------------------------------
	Command being timed: "mpiexec --mca mpi_cuda_support 0 -n 16 /home/guglielmo.boi/hpc-project/bin/spectral_clustering /home/guglielmo.boi/hpc-project/data/input/mixed_65536.csv /home/guglielmo.boi/hpc-project/data/output/mixed_65536_r16.csv"
	User time (seconds): 189280.39
	System time (seconds): 47.58
	Percent of CPU this job got: 299%
	Elapsed (wall clock) time (h:mm:ss or m:ss): 0:49:49
	Average shared text size (kbytes): 0
	Average unshared data size (kbytes): 0
	Average stack size (kbytes): 0
	Average total size (kbytes): 0
	Maximum resident set size (kbytes): 101042983
	Average resident set size (kbytes): 0
	Major (requiring I/O) page faults: 230
	Minor (reclaiming a frame) page faults: 677890
	Voluntary context switches: 28242
	Involuntary context switches: 2350835
	Swaps: 0
	File system inputs: 0
	File system outputs: 501407
	Socket messages sent: 0
	Socket messages received: 0
	Signals delivered: 0
	Page size (bytes): 3945
	Exit status: 0
------------------------------------
Job finished at Fri Feb 06 22:15:35 2026
