Job started at Fri Feb 06 19:22:31 2026
Running on hpc3-c12-n32.unitn.it
MPI ranks: 1
OMP threads per rank: 4
------------------------------------
	Command being timed: "mpiexec --mca mpi_cuda_support 0 -n 1 /home/guglielmo.boi/hpc-project/bin/spectral_clustering /home/guglielmo.boi/hpc-project/data/input/mixed_32768.csv /home/guglielmo.boi/hpc-project/data/output/mixed_32768_r1.csv"
	User time (seconds): 8439.13
	System time (seconds): 8.56
	Percent of CPU this job got: 98%
	Elapsed (wall clock) time (h:mm:ss or m:ss): 0:34:00
	Average shared text size (kbytes): 0
	Average unshared data size (kbytes): 0
	Average stack size (kbytes): 0
	Average total size (kbytes): 0
	Maximum resident set size (kbytes): 32162531
	Average resident set size (kbytes): 0
	Major (requiring I/O) page faults: 11
	Minor (reclaiming a frame) page faults: 44631
	Voluntary context switches: 909
	Involuntary context switches: 483
	Swaps: 0
	File system inputs: 3191
	File system outputs: 18477
	Socket messages sent: 0
	Socket messages received: 0
	Signals delivered: 0
	Page size (bytes): 4371
	Exit status: 0
------------------------------------
Job finished at Fri Feb 06 19:56:31 2026
