Job started at Thu Feb 05 08:50:22 2026
Running on hpc3-c11-n27.unitn.it
MPI ranks: 64
OMP threads per rank: 1
------------------------------------
	Command being timed: "mpiexec --mca mpi_cuda_support 0 -n 64 /home/guglielmo.boi/hpc-project/bin/spectral_clustering /home/guglielmo.boi/hpc-project/data/input/mixed_32768.csv /home/guglielmo.boi/hpc-project/data/output/mixed_32768_r64.csv"
	User time (seconds): 321678.78
	System time (seconds): 15.02
	Percent of CPU this job got: 199%
	Elapsed (wall clock) time (h:mm:ss or m:ss): 1:24:58
	Average shared text size (kbytes): 0
	Average unshared data size (kbytes): 0
	Average stack size (kbytes): 0
	Average total size (kbytes): 0
	Maximum resident set size (kbytes): 24567339
	Average resident set size (kbytes): 0
	Major (requiring I/O) page faults: 413
	Minor (reclaiming a frame) page faults: 445726
	Voluntary context switches: 180383
	Involuntary context switches: 1758972
	Swaps: 0
	File system inputs: 0
	File system outputs: 864969
	Socket messages sent: 0
	Socket messages received: 0
	Signals delivered: 0
	Page size (bytes): 3972
	Exit status: 0
------------------------------------
Job finished at Thu Feb 05 10:15:20 2026
