Job started at Thu Feb 05 11:46:34 2026
Running on hpc3-c12-n28.unitn.it
MPI ranks: 32
OMP threads per rank: 1
------------------------------------
	Command being timed: "mpiexec --mca mpi_cuda_support 0 -n 32 /home/guglielmo.boi/hpc-project/bin/spectral_clustering /home/guglielmo.boi/hpc-project/data/input/mixed_131072.csv /home/guglielmo.boi/hpc-project/data/output/mixed_131072_r32.csv"
	User time (seconds): 337776.62
	System time (seconds): 1134.21
	Percent of CPU this job got: 199%
	Elapsed (wall clock) time (h:mm:ss or m:ss): 2:51:04
	Average shared text size (kbytes): 0
	Average unshared data size (kbytes): 0
	Average stack size (kbytes): 0
	Average total size (kbytes): 0
	Maximum resident set size (kbytes): 493336058
	Average resident set size (kbytes): 0
	Major (requiring I/O) page faults: 15
	Minor (reclaiming a frame) page faults: 1479301520
	Voluntary context switches: 12344
	Involuntary context switches: 41788
	Swaps: 0
	File system inputs: 15425
	File system outputs: 121703
	Socket messages sent: 0
	Socket messages received: 0
	Signals delivered: 0
	Page size (bytes): 4089
	Exit status: 0
------------------------------------
Job finished at Thu Feb 05 14:37:38 2026
