Job started at Thu Feb 05 11:46:34 2026
Running on hpc3-c12-n29.unitn.it
MPI ranks: 16
OMP threads per rank: 1
------------------------------------
	Command being timed: "mpiexec --mca mpi_cuda_support 0 -n 16 /home/guglielmo.boi/hpc-project/bin/spectral_clustering /home/guglielmo.boi/hpc-project/data/input/mixed_131072.csv /home/guglielmo.boi/hpc-project/data/output/mixed_131072_r16.csv"
	User time (seconds): 171851.96
	System time (seconds): 1188.40
	Percent of CPU this job got: 199%
	Elapsed (wall clock) time (h:mm:ss or m:ss): 3:06:40
	Average shared text size (kbytes): 0
	Average unshared data size (kbytes): 0
	Average stack size (kbytes): 0
	Average total size (kbytes): 0
	Maximum resident set size (kbytes): 498215762
	Average resident set size (kbytes): 0
	Major (requiring I/O) page faults: 15
	Minor (reclaiming a frame) page faults: 1512971471
	Voluntary context switches: 12225
	Involuntary context switches: 42028
	Swaps: 0
	File system inputs: 15503
	File system outputs: 116187
	Socket messages sent: 0
	Socket messages received: 0
	Signals delivered: 0
	Page size (bytes): 3993
	Exit status: 0
------------------------------------
Job finished at Thu Feb 05 14:53:14 2026
