Job started at Thu Feb 05 11:46:34 2026
Running on hpc3-c12-n29.unitn.it
MPI ranks: 8
OMP threads per rank: 1
------------------------------------
	Command being timed: "mpiexec --mca mpi_cuda_support 0 -n 8 /home/guglielmo.boi/hpc-project/bin/spectral_clustering /home/guglielmo.boi/hpc-project/data/input/mixed_131072.csv /home/guglielmo.boi/hpc-project/data/output/mixed_131072_r8.csv"
	User time (seconds): 111708.53
	System time (seconds): 1241.17
	Percent of CPU this job got: 199%
	Elapsed (wall clock) time (h:mm:ss or m:ss): 3:42:30
	Average shared text size (kbytes): 0
	Average unshared data size (kbytes): 0
	Average stack size (kbytes): 0
	Average total size (kbytes): 0
	Maximum resident set size (kbytes): 453818329
	Average resident set size (kbytes): 0
	Major (requiring I/O) page faults: 14
	Minor (reclaiming a frame) page faults: 1485208778
	Voluntary context switches: 12749
	Involuntary context switches: 39941
	Swaps: 0
	File system inputs: 15980
	File system outputs: 117531
	Socket messages sent: 0
	Socket messages received: 0
	Signals delivered: 0
	Page size (bytes): 3908
	Exit status: 0
------------------------------------
Job finished at Thu Feb 05 15:29:04 2026
