Job started at Wed Feb 04 14:12:01 2026
Running on hpc3-c12-n51.unitn.it
MPI ranks: 4
OMP threads per rank: 1
------------------------------------
	Command being timed: "mpiexec --mca mpi_cuda_support 0 -n 4 /home/guglielmo.boi/hpc-project/bin/spectral_clustering /home/guglielmo.boi/hpc-project/data/input/mixed_32768.csv /home/guglielmo.boi/hpc-project/data/output/mixed_32768_r4.csv"
	User time (seconds): 10253.93
	System time (seconds): 8.23
	Percent of CPU this job got: 99%
	Elapsed (wall clock) time (h:mm:ss or m:ss): 0:44:45
	Average shared text size (kbytes): 0
	Average unshared data size (kbytes): 0
	Average stack size (kbytes): 0
	Average total size (kbytes): 0
	Maximum resident set size (kbytes): 28427483
	Average resident set size (kbytes): 0
	Major (requiring I/O) page faults: 15
	Minor (reclaiming a frame) page faults: 102003
	Voluntary context switches: 2908
	Involuntary context switches: 216742
	Swaps: 0
	File system inputs: 0
	File system outputs: 62817
	Socket messages sent: 0
	Socket messages received: 0
	Signals delivered: 0
	Page size (bytes): 4323
	Exit status: 0
------------------------------------
Job finished at Wed Feb 04 14:56:46 2026
