Job started at Thu Feb 05 08:50:22 2026
Running on hpc3-c12-n26.unitn.it
MPI ranks: 16
OMP threads per rank: 1
------------------------------------
	Command being timed: "mpiexec --mca mpi_cuda_support 0 -n 16 /home/guglielmo.boi/hpc-project/bin/spectral_clustering /home/guglielmo.boi/hpc-project/data/input/mixed_65536.csv /home/guglielmo.boi/hpc-project/data/output/mixed_65536_r16.csv"
	User time (seconds): 99324.87
	System time (seconds): 37.34
	Percent of CPU this job got: 99%
	Elapsed (wall clock) time (h:mm:ss or m:ss): 1:44:10
	Average shared text size (kbytes): 0
	Average unshared data size (kbytes): 0
	Average stack size (kbytes): 0
	Average total size (kbytes): 0
	Maximum resident set size (kbytes): 98349129
	Average resident set size (kbytes): 0
	Major (requiring I/O) page faults: 278
	Minor (reclaiming a frame) page faults: 758815
	Voluntary context switches: 14283
	Involuntary context switches: 2624271
	Swaps: 0
	File system inputs: 8329
	File system outputs: 1322098
	Socket messages sent: 0
	Socket messages received: 0
	Signals delivered: 0
	Page size (bytes): 3935
	Exit status: 0
------------------------------------
Job finished at Thu Feb 05 10:34:32 2026
