Job started at Thu Feb 05 11:46:34 2026
Running on hpc3-c12-n30.unitn.it
MPI ranks: 64
OMP threads per rank: 1
------------------------------------
	Command being timed: "mpiexec --mca mpi_cuda_support 0 -n 64 /home/guglielmo.boi/hpc-project/bin/spectral_clustering /home/guglielmo.boi/hpc-project/data/input/mixed_131072.csv /home/guglielmo.boi/hpc-project/data/output/mixed_131072_r64.csv"
	User time (seconds): 632789.61
	System time (seconds): 1185.50
	Percent of CPU this job got: 199%
	Elapsed (wall clock) time (h:mm:ss or m:ss): 2:36:18
	Average shared text size (kbytes): 0
	Average unshared data size (kbytes): 0
	Average stack size (kbytes): 0
	Average total size (kbytes): 0
	Maximum resident set size (kbytes): 476993807
	Average resident set size (kbytes): 0
	Major (requiring I/O) page faults: 14
	Minor (reclaiming a frame) page faults: 1430116223
	Voluntary context switches: 12571
	Involuntary context switches: 40879
	Swaps: 0
	File system inputs: 15825
	File system outputs: 121919
	Socket messages sent: 0
	Socket messages received: 0
	Signals delivered: 0
	Page size (bytes): 4011
	Exit status: 0
------------------------------------
Job finished at Thu Feb 05 14:22:52 2026
