Job started at Thu Feb 05 08:49:41 2026
Running on hpc3-c12-n54.unitn.it
MPI ranks: 64
OMP threads per rank: 1
------------------------------------
	Command being timed: "mpiexec --mca mpi_cuda_support 0 -n 64 /home/guglielmo.boi/hpc-project/bin/spectral_clustering /home/guglielmo.boi/hpc-project/data/input/mixed_32768.csv /home/guglielmo.boi/hpc-project/data/output/mixed_32768_r64.csv"
	User time (seconds): 121892.48
	System time (seconds): 26.85
	Percent of CPU this job got: 299%
	Elapsed (wall clock) time (h:mm:ss or m:ss): 0:30:19
	Average shared text size (kbytes): 0
	Average unshared data size (kbytes): 0
	Average stack size (kbytes): 0
	Average total size (kbytes): 0
	Maximum resident set size (kbytes): 26357501
	Average resident set size (kbytes): 0
	Major (requiring I/O) page faults: 677
	Minor (reclaiming a frame) page faults: 792147
	Voluntary context switches: 304434
	Involuntary context switches: 2490845
	Swaps: 0
	File system inputs: 4501
	File system outputs: 1870166
	Socket messages sent: 0
	Socket messages received: 0
	Signals delivered: 0
	Page size (bytes): 4074
	Exit status: 0
------------------------------------
Job finished at Thu Feb 05 09:20:00 2026
