Job started at Fri Feb 06 00:30:24 2026
Running on hpc3-c12-n51.unitn.it
MPI ranks: 32
OMP threads per rank: 2
------------------------------------
	Command being timed: "mpiexec --mca mpi_cuda_support 0 -n 32 /home/guglielmo.boi/hpc-project/bin/spectral_clustering /home/guglielmo.boi/hpc-project/data/input/mixed_32768.csv /home/guglielmo.boi/hpc-project/data/output/mixed_32768_r32.csv"
	User time (seconds): 100336.67
	System time (seconds): 17.16
	Percent of CPU this job got: 299%
	Elapsed (wall clock) time (h:mm:ss or m:ss): 0:25:23
	Average shared text size (kbytes): 0
	Average unshared data size (kbytes): 0
	Average stack size (kbytes): 0
	Average total size (kbytes): 0
	Maximum resident set size (kbytes): 25172486
	Average resident set size (kbytes): 0
	Major (requiring I/O) page faults: 352
	Minor (reclaiming a frame) page faults: 388994
	Voluntary context switches: 46248
	Involuntary context switches: 1120624
	Swaps: 0
	File system inputs: 3891
	File system outputs: 453072
	Socket messages sent: 0
	Socket messages received: 0
	Signals delivered: 0
	Page size (bytes): 4080
	Exit status: 0
------------------------------------
Job finished at Fri Feb 06 00:55:47 2026
