Job started at Thu Feb 05 23:36:47 2026
Running on hpc3-c12-n27.unitn.it
MPI ranks: 2
OMP threads per rank: 2
------------------------------------
	Command being timed: "mpiexec --mca mpi_cuda_support 0 -n 2 /home/guglielmo.boi/hpc-project/bin/spectral_clustering /home/guglielmo.boi/hpc-project/data/input/mixed_32768.csv /home/guglielmo.boi/hpc-project/data/output/mixed_32768_r2.csv"
	User time (seconds): 9847.84
	System time (seconds): 10.16
	Percent of CPU this job got: 197%
	Elapsed (wall clock) time (h:mm:ss or m:ss): 0:40:50
	Average shared text size (kbytes): 0
	Average unshared data size (kbytes): 0
	Average stack size (kbytes): 0
	Average total size (kbytes): 0
	Maximum resident set size (kbytes): 29064714
	Average resident set size (kbytes): 0
	Major (requiring I/O) page faults: 13
	Minor (reclaiming a frame) page faults: 61952
	Voluntary context switches: 1258
	Involuntary context switches: 929
	Swaps: 0
	File system inputs: 0
	File system outputs: 21129
	Socket messages sent: 0
	Socket messages received: 0
	Signals delivered: 0
	Page size (bytes): 4217
	Exit status: 0
------------------------------------
Job finished at Fri Feb 06 00:17:37 2026
