Job started at Fri Feb 06 00:56:02 2026
Running on hpc3-c12-n52.unitn.it
MPI ranks: 2
OMP threads per rank: 2
------------------------------------
	Command being timed: "mpiexec --mca mpi_cuda_support 0 -n 2 /home/guglielmo.boi/hpc-project/bin/spectral_clustering /home/guglielmo.boi/hpc-project/data/input/mixed_65536.csv /home/guglielmo.boi/hpc-project/data/output/mixed_65536_r2.csv"
	User time (seconds): 30461.95
	System time (seconds): 140.95
	Percent of CPU this job got: 199%
	Elapsed (wall clock) time (h:mm:ss or m:ss): 2:00:50
	Average shared text size (kbytes): 0
	Average unshared data size (kbytes): 0
	Average stack size (kbytes): 0
	Average total size (kbytes): 0
	Maximum resident set size (kbytes): 112543828
	Average resident set size (kbytes): 0
	Major (requiring I/O) page faults: 13
	Minor (reclaiming a frame) page faults: 121562025
	Voluntary context switches: 2708
	Involuntary context switches: 9564
	Swaps: 0
	File system inputs: 7794
	File system outputs: 31616
	Socket messages sent: 0
	Socket messages received: 0
	Signals delivered: 0
	Page size (bytes): 4132
	Exit status: 0
------------------------------------
Job finished at Fri Feb 06 02:56:52 2026
