Job started at Fri Feb 06 01:55:11 2026
Running on hpc3-c13-n21.unitn.it
MPI ranks: 1
OMP threads per rank: 2
------------------------------------
	Command being timed: "mpiexec --mca mpi_cuda_support 0 -n 1 /home/guglielmo.boi/hpc-project/bin/spectral_clustering /home/guglielmo.boi/hpc-project/data/input/mixed_131072.csv /home/guglielmo.boi/hpc-project/data/output/mixed_131072_r1.csv"
	User time (seconds): 33278.72
	System time (seconds): 770.85
	Percent of CPU this job got: 99%
	Elapsed (wall clock) time (h:mm:ss or m:ss): 4:27:30
	Average shared text size (kbytes): 0
	Average unshared data size (kbytes): 0
	Average stack size (kbytes): 0
	Average total size (kbytes): 0
	Maximum resident set size (kbytes): 568244101
	Average resident set size (kbytes): 0
	Major (requiring I/O) page faults: 12
	Minor (reclaiming a frame) page faults: 781704059
	Voluntary context switches: 1005
	Involuntary context switches: 14009
	Swaps: 0
	File system inputs: 15931
	File system outputs: 23751
	Socket messages sent: 0
	Socket messages received: 0
	Signals delivered: 0
	Page size (bytes): 4098
	Exit status: 0
------------------------------------
Job finished at Fri Feb 06 06:22:41 2026
