Job started at Thu Feb 05 23:33:53 2026
Running on hpc3-c12-n29.unitn.it
MPI ranks: 1
OMP threads per rank: 2
------------------------------------
	Command being timed: "mpiexec --mca mpi_cuda_support 0 -n 1 /home/guglielmo.boi/hpc-project/bin/spectral_clustering /home/guglielmo.boi/hpc-project/data/input/mixed_32768.csv /home/guglielmo.boi/hpc-project/data/output/mixed_32768_r1.csv"
	User time (seconds): 6424.20
	System time (seconds): 9.06
	Percent of CPU this job got: 98%
	Elapsed (wall clock) time (h:mm:ss or m:ss): 0:54:40
	Average shared text size (kbytes): 0
	Average unshared data size (kbytes): 0
	Average stack size (kbytes): 0
	Average total size (kbytes): 0
	Maximum resident set size (kbytes): 33207426
	Average resident set size (kbytes): 0
	Major (requiring I/O) page faults: 11
	Minor (reclaiming a frame) page faults: 55570
	Voluntary context switches: 703
	Involuntary context switches: 486
	Swaps: 0
	File system inputs: 4255
	File system outputs: 19410
	Socket messages sent: 0
	Socket messages received: 0
	Signals delivered: 0
	Page size (bytes): 3864
	Exit status: 0
------------------------------------
Job finished at Fri Feb 06 00:28:33 2026
