Job started at Fri Feb 06 01:15:49 2026
Running on hpc3-c11-n49.unitn.it
MPI ranks: 8
OMP threads per rank: 2
------------------------------------
	Command being timed: "mpiexec --mca mpi_cuda_support 0 -n 8 /home/guglielmo.boi/hpc-project/bin/spectral_clustering /home/guglielmo.boi/hpc-project/data/input/mixed_65536.csv /home/guglielmo.boi/hpc-project/data/output/mixed_65536_r8.csv"
	User time (seconds): 87111.00
	System time (seconds): 130.29
	Percent of CPU this job got: 99%
	Elapsed (wall clock) time (h:mm:ss or m:ss): 1:30:00
	Average shared text size (kbytes): 0
	Average unshared data size (kbytes): 0
	Average stack size (kbytes): 0
	Average total size (kbytes): 0
	Maximum resident set size (kbytes): 101046426
	Average resident set size (kbytes): 0
	Major (requiring I/O) page faults: 19
	Minor (reclaiming a frame) page faults: 104702725
	Voluntary context switches: 7243
	Involuntary context switches: 2139486
	Swaps: 0
	File system inputs: 0
	File system outputs: 423992
	Socket messages sent: 0
	Socket messages received: 0
	Signals delivered: 0
	Page size (bytes): 4100
	Exit status: 0
------------------------------------
Job finished at Fri Feb 06 02:45:49 2026
