Job started at Fri Feb 06 00:48:36 2026
Running on hpc3-c12-n27.unitn.it
MPI ranks: 1
OMP threads per rank: 2
------------------------------------
	Command being timed: "mpiexec --mca mpi_cuda_support 0 -n 1 /home/guglielmo.boi/hpc-project/bin/spectral_clustering /home/guglielmo.boi/hpc-project/data/input/mixed_65536.csv /home/guglielmo.boi/hpc-project/data/output/mixed_65536_r1.csv"
	User time (seconds): 19431.84
	System time (seconds): 34.12
	Percent of CPU this job got: 99%
	Elapsed (wall clock) time (h:mm:ss or m:ss): 2:40:00
	Average shared text size (kbytes): 0
	Average unshared data size (kbytes): 0
	Average stack size (kbytes): 0
	Average total size (kbytes): 0
	Maximum resident set size (kbytes): 136277810
	Average resident set size (kbytes): 0
	Major (requiring I/O) page faults: 9
	Minor (reclaiming a frame) page faults: 526544
	Voluntary context switches: 760
	Involuntary context switches: 1577
	Swaps: 0
	File system inputs: 7547
	File system outputs: 19608
	Socket messages sent: 0
	Socket messages received: 0
	Signals delivered: 0
	Page size (bytes): 4042
	Exit status: 0
------------------------------------
Job finished at Fri Feb 06 03:28:36 2026
