Job started at Fri Feb 06 02:13:34 2026
Running on hpc3-c13-n27.unitn.it
MPI ranks: 16
OMP threads per rank: 2
------------------------------------
	Command being timed: "mpiexec --mca mpi_cuda_support 0 -n 16 /home/guglielmo.boi/hpc-project/bin/spectral_clustering /home/guglielmo.boi/hpc-project/data/input/mixed_131072.csv /home/guglielmo.boi/hpc-project/data/output/mixed_131072_r16.csv"
	User time (seconds): 287418.49
	System time (seconds): 988.59
	Percent of CPU this job got: 199%
	Elapsed (wall clock) time (h:mm:ss or m:ss): 2:25:29
	Average shared text size (kbytes): 0
	Average unshared data size (kbytes): 0
	Average stack size (kbytes): 0
	Average total size (kbytes): 0
	Maximum resident set size (kbytes): 480541379
	Average resident set size (kbytes): 0
	Major (requiring I/O) page faults: 98
	Minor (reclaiming a frame) page faults: 1155749710
	Voluntary context switches: 11237
	Involuntary context switches: 31147
	Swaps: 0
	File system inputs: 23373
	File system outputs: 96662
	Socket messages sent: 0
	Socket messages received: 0
	Signals delivered: 0
	Page size (bytes): 3964
	Exit status: 0
------------------------------------
Job finished at Fri Feb 06 04:39:03 2026
