Job started at Fri Feb 06 01:17:39 2026
Running on hpc3-c13-n31.unitn.it
MPI ranks: 16
OMP threads per rank: 2
------------------------------------
	Command being timed: "mpiexec --mca mpi_cuda_support 0 -n 16 /home/guglielmo.boi/hpc-project/bin/spectral_clustering /home/guglielmo.boi/hpc-project/data/input/mixed_65536.csv /home/guglielmo.boi/hpc-project/data/output/mixed_65536_r16.csv"
	User time (seconds): 151458.54
	System time (seconds): 38.48
	Percent of CPU this job got: 199%
	Elapsed (wall clock) time (h:mm:ss or m:ss): 1:19:17
	Average shared text size (kbytes): 0
	Average unshared data size (kbytes): 0
	Average stack size (kbytes): 0
	Average total size (kbytes): 0
	Maximum resident set size (kbytes): 109975428
	Average resident set size (kbytes): 0
	Major (requiring I/O) page faults: 348
	Minor (reclaiming a frame) page faults: 655326
	Voluntary context switches: 19262
	Involuntary context switches: 2829143
	Swaps: 0
	File system inputs: 9244
	File system outputs: 705776
	Socket messages sent: 0
	Socket messages received: 0
	Signals delivered: 0
	Page size (bytes): 4064
	Exit status: 0
------------------------------------
Job finished at Fri Feb 06 02:36:56 2026
