Job started at Fri Feb 06 02:13:34 2026
Running on hpc3-c12-n26.unitn.it
MPI ranks: 2
OMP threads per rank: 2
------------------------------------
	Command being timed: "mpiexec --mca mpi_cuda_support 0 -n 2 /home/guglielmo.boi/hpc-project/bin/spectral_clustering /home/guglielmo.boi/hpc-project/data/input/mixed_131072.csv /home/guglielmo.boi/hpc-project/data/output/mixed_131072_r2.csv"
	User time (seconds): 53999.87
	System time (seconds): 1019.24
	Percent of CPU this job got: 199%
	Elapsed (wall clock) time (h:mm:ss or m:ss): 3:33:20
	Average shared text size (kbytes): 0
	Average unshared data size (kbytes): 0
	Average stack size (kbytes): 0
	Average total size (kbytes): 0
	Maximum resident set size (kbytes): 504182531
	Average resident set size (kbytes): 0
	Major (requiring I/O) page faults: 97
	Minor (reclaiming a frame) page faults: 1219398333
	Voluntary context switches: 11271
	Involuntary context switches: 31337
	Swaps: 0
	File system inputs: 24038
	File system outputs: 96254
	Socket messages sent: 0
	Socket messages received: 0
	Signals delivered: 0
	Page size (bytes): 3963
	Exit status: 0
------------------------------------
Job finished at Fri Feb 06 05:46:54 2026
