Job started at Fri Feb 06 02:13:34 2026
Running on hpc3-c12-n25.unitn.it
MPI ranks: 8
OMP threads per rank: 2
------------------------------------
	Command being timed: "mpiexec --mca mpi_cuda_support 0 -n 8 /home/guglielmo.boi/hpc-project/bin/spectral_clustering /home/guglielmo.boi/hpc-project/data/input/mixed_131072.csv /home/guglielmo.boi/hpc-project/data/output/mixed_131072_r8.csv"
	User time (seconds): 147506.92
	System time (seconds): 1056.93
	Percent of CPU this job got: 199%
	Elapsed (wall clock) time (h:mm:ss or m:ss): 2:40:50
	Average shared text size (kbytes): 0
	Average unshared data size (kbytes): 0
	Average stack size (kbytes): 0
	Average total size (kbytes): 0
	Maximum resident set size (kbytes): 459665766
	Average resident set size (kbytes): 0
	Major (requiring I/O) page faults: 94
	Minor (reclaiming a frame) page faults: 1249883100
	Voluntary context switches: 10539
	Involuntary context switches: 29524
	Swaps: 0
	File system inputs: 24088
	File system outputs: 95340
	Socket messages sent: 0
	Socket messages received: 0
	Signals delivered: 0
	Page size (bytes): 3872
	Exit status: 0
------------------------------------
Job finished at Fri Feb 06 04:54:24 2026
