Job started at Fri Feb 06 00:05:09 2026
Running on hpc3-c12-n29.unitn.it
MPI ranks: 8
OMP threads per rank: 2
------------------------------------
	Command being timed: "mpiexec --mca mpi_cuda_support 0 -n 8 /home/guglielmo.boi/hpc-project/bin/spectral_clustering /home/guglielmo.boi/hpc-project/data/input/mixed_32768.csv /home/guglielmo.boi/hpc-project/data/output/mixed_32768_r8.csv"
	User time (seconds): 29663.50
	System time (seconds): 9.98
	Percent of CPU this job got: 99%
	Elapsed (wall clock) time (h:mm:ss or m:ss): 0:29:45
	Average shared text size (kbytes): 0
	Average unshared data size (kbytes): 0
	Average stack size (kbytes): 0
	Average total size (kbytes): 0
	Maximum resident set size (kbytes): 25966228
	Average resident set size (kbytes): 0
	Major (requiring I/O) page faults: 21
	Minor (reclaiming a frame) page faults: 132716
	Voluntary context switches: 4268
	Involuntary context switches: 343334
	Swaps: 0
	File system inputs: 0
	File system outputs: 88026
	Socket messages sent: 0
	Socket messages received: 0
	Signals delivered: 0
	Page size (bytes): 4128
	Exit status: 0
------------------------------------
Job finished at Fri Feb 06 00:34:54 2026
