Job started at Wed Feb 04 14:36:35 2026
Running on hpc3-c12-n53.unitn.it
MPI ranks: 32
OMP threads per rank: 1
------------------------------------
	Command being timed: "mpiexec --mca mpi_cuda_support 0 -n 32 /home/guglielmo.boi/hpc-project/bin/spectral_clustering /home/guglielmo.boi/hpc-project/data/input/gaussian_32768.csv /home/guglielmo.boi/hpc-project/data/output/gaussian_32768_r32.csv"
	User time (seconds): 64730.91
	System time (seconds): 14.71
	Percent of CPU this job got: 199%
	Elapsed (wall clock) time (h:mm:ss or m:ss): 0:32:47
	Average shared text size (kbytes): 0
	Average unshared data size (kbytes): 0
	Average stack size (kbytes): 0
	Average total size (kbytes): 0
	Maximum resident set size (kbytes): 25077288
	Average resident set size (kbytes): 0
	Major (requiring I/O) page faults: 415
	Minor (reclaiming a frame) page faults: 455629
	Voluntary context switches: 169013
	Involuntary context switches: 1663303
	Swaps: 0
	File system inputs: 0
	File system outputs: 943384
	Socket messages sent: 0
	Socket messages received: 0
	Signals delivered: 0
	Page size (bytes): 4197
	Exit status: 0
------------------------------------
Job finished at Wed Feb 04 15:09:22 2026
