Job started at Wed Feb 04 14:10:56 2026
Running on hpc3-c12-n34.unitn.it
MPI ranks: 2
OMP threads per rank: 1
------------------------------------
	Command being timed: "mpiexec --mca mpi_cuda_support 0 -n 2 /home/guglielmo.boi/hpc-project/bin/spectral_clustering /home/guglielmo.boi/hpc-project/data/input/gaussian_32768.csv /home/guglielmo.boi/hpc-project/data/output/gaussian_32768_r2.csv"
	User time (seconds): 6910.40
	System time (seconds): 8.98
	Percent of CPU this job got: 197%
	Elapsed (wall clock) time (h:mm:ss or m:ss): 0:58:45
	Average shared text size (kbytes): 0
	Average unshared data size (kbytes): 0
	Average stack size (kbytes): 0
	Average total size (kbytes): 0
	Maximum resident set size (kbytes): 30054325
	Average resident set size (kbytes): 0
	Major (requiring I/O) page faults: 15
	Minor (reclaiming a frame) page faults: 63684
	Voluntary context switches: 1152
	Involuntary context switches: 888
	Swaps: 0
	File system inputs: 4374
	File system outputs: 19531
	Socket messages sent: 0
	Socket messages received: 0
	Signals delivered: 0
	Page size (bytes): 4036
	Exit status: 0
------------------------------------
Job finished at Wed Feb 04 15:09:41 2026
