Job started at Thu Feb 05 11:46:34 2026
Running on hpc3-c12-n28.unitn.it
MPI ranks: 8
OMP threads per rank: 1
------------------------------------
	Command being timed: "mpiexec --mca mpi_cuda_support 0 -n 8 /home/guglielmo.boi/hpc-project/bin/spectral_clustering /home/guglielmo.boi/hpc-project/data/input/gaussian_131072.csv /home/guglielmo.boi/hpc-project/data/output/gaussian_131072_r8.csv"
	User time (seconds): 107574.67
	System time (seconds): 1190.05
	Percent of CPU this job got: 199%
	Elapsed (wall clock) time (h:mm:ss or m:ss): 3:42:30
	Average shared text size (kbytes): 0
	Average unshared data size (kbytes): 0
	Average stack size (kbytes): 0
	Average total size (kbytes): 0
	Maximum resident set size (kbytes): 476251973
	Average resident set size (kbytes): 0
	Major (requiring I/O) page faults: 14
	Minor (reclaiming a frame) page faults: 1494498299
	Voluntary context switches: 12983
	Involuntary context switches: 41620
	Swaps: 0
	File system inputs: 15511
	File system outputs: 120079
	Socket messages sent: 0
	Socket messages received: 0
	Signals delivered: 0
	Page size (bytes): 4081
	Exit status: 0
------------------------------------
Job finished at Thu Feb 05 15:29:04 2026
