Job started at Thu Feb 05 08:50:22 2026
Running on hpc3-c12-n27.unitn.it
MPI ranks: 16
OMP threads per rank: 1
------------------------------------
	Command being timed: "mpiexec --mca mpi_cuda_support 0 -n 16 /home/guglielmo.boi/hpc-project/bin/spectral_clustering /home/guglielmo.boi/hpc-project/data/input/gaussian_65536.csv /home/guglielmo.boi/hpc-project/data/output/gaussian_65536_r16.csv"
	User time (seconds): 98053.84
	System time (seconds): 38.20
	Percent of CPU this job got: 99%
	Elapsed (wall clock) time (h:mm:ss or m:ss): 1:44:10
	Average shared text size (kbytes): 0
	Average unshared data size (kbytes): 0
	Average stack size (kbytes): 0
	Average total size (kbytes): 0
	Maximum resident set size (kbytes): 103092015
	Average resident set size (kbytes): 0
	Major (requiring I/O) page faults: 268
	Minor (reclaiming a frame) page faults: 732373
	Voluntary context switches: 13617
	Involuntary context switches: 2704869
	Swaps: 0
	File system inputs: 8057
	File system outputs: 1297571
	Socket messages sent: 0
	Socket messages received: 0
	Signals delivered: 0
	Page size (bytes): 4092
	Exit status: 0
------------------------------------
Job finished at Thu Feb 05 10:34:32 2026
