Job started at Thu Feb 05 08:49:41 2026
Running on hpc3-c12-n53.unitn.it
MPI ranks: 64
OMP threads per rank: 1
------------------------------------
	Command being timed: "mpiexec --mca mpi_cuda_support 0 -n 64 /home/guglielmo.boi/hpc-project/bin/spectral_clustering /home/guglielmo.boi/hpc-project/data/input/gaussian_32768.csv /home/guglielmo.boi/hpc-project/data/output/gaussian_32768_r64.csv"
	User time (seconds): 116477.97
	System time (seconds): 25.82
	Percent of CPU this job got: 299%
	Elapsed (wall clock) time (h:mm:ss or m:ss): 0:30:19
	Average shared text size (kbytes): 0
	Average unshared data size (kbytes): 0
	Average stack size (kbytes): 0
	Average total size (kbytes): 0
	Maximum resident set size (kbytes): 25862575
	Average resident set size (kbytes): 0
	Major (requiring I/O) page faults: 680
	Minor (reclaiming a frame) page faults: 806313
	Voluntary context switches: 309908
	Involuntary context switches: 2545435
	Swaps: 0
	File system inputs: 4479
	File system outputs: 1904469
	Socket messages sent: 0
	Socket messages received: 0
	Signals delivered: 0
	Page size (bytes): 4189
	Exit status: 0
------------------------------------
Job finished at Thu Feb 05 09:20:00 2026
