Job started at Wed Feb 04 14:09:20 2026
Running on hpc3-c12-n53.unitn.it
MPI ranks: 1
OMP threads per rank: 1
------------------------------------
	Command being timed: "mpiexec --mca mpi_cuda_support 0 -n 1 /home/guglielmo.boi/hpc-project/bin/spectral_clustering /home/guglielmo.boi/hpc-project/data/input/gaussian_32768.csv /home/guglielmo.boi/hpc-project/data/output/gaussian_32768_r1.csv"
	User time (seconds): 5552.80
	System time (seconds): 8.56
	Percent of CPU this job got: 98%
	Elapsed (wall clock) time (h:mm:ss or m:ss): 1:29:58
	Average shared text size (kbytes): 0
	Average unshared data size (kbytes): 0
	Average stack size (kbytes): 0
	Average total size (kbytes): 0
	Maximum resident set size (kbytes): 33140464
	Average resident set size (kbytes): 0
	Major (requiring I/O) page faults: 11
	Minor (reclaiming a frame) page faults: 46625
	Voluntary context switches: 655
	Involuntary context switches: 525
	Swaps: 0
	File system inputs: 4396
	File system outputs: 18292
	Socket messages sent: 0
	Socket messages received: 0
	Signals delivered: 0
	Page size (bytes): 4195
	Exit status: 0
------------------------------------
Job finished at Wed Feb 04 15:39:18 2026
