Job started at Wed Feb 04 14:33:50 2026
Running on hpc3-c12-n34.unitn.it
MPI ranks: 16
OMP threads per rank: 1
------------------------------------
	Command being timed: "mpiexec --mca mpi_cuda_support 0 -n 16 /home/guglielmo.boi/hpc-project/bin/spectral_clustering /home/guglielmo.boi/hpc-project/data/input/gaussian_32768.csv /home/guglielmo.boi/hpc-project/data/output/gaussian_32768_r16.csv"
	User time (seconds): 33449.12
	System time (seconds): 11.31
	Percent of CPU this job got: 99%
	Elapsed (wall clock) time (h:mm:ss or m:ss): 0:34:35
	Average shared text size (kbytes): 0
	Average unshared data size (kbytes): 0
	Average stack size (kbytes): 0
	Average total size (kbytes): 0
	Maximum resident set size (kbytes): 26403039
	Average resident set size (kbytes): 0
	Major (requiring I/O) page faults: 21
	Minor (reclaiming a frame) page faults: 230502
	Voluntary context switches: 14464
	Involuntary context switches: 588726
	Swaps: 0
	File system inputs: 0
	File system outputs: 315937
	Socket messages sent: 0
	Socket messages received: 0
	Signals delivered: 0
	Page size (bytes): 3991
	Exit status: 0
------------------------------------
Job finished at Wed Feb 04 15:08:25 2026
