Job started at Thu Feb 05 08:49:27 2026
Running on hpc3-c12-n55.unitn.it
MPI ranks: 1
OMP threads per rank: 1
------------------------------------
	Command being timed: "mpiexec --mca mpi_cuda_support 0 -n 1 /home/guglielmo.boi/hpc-project/bin/spectral_clustering /home/guglielmo.boi/hpc-project/data/input/gaussian_65536.csv /home/guglielmo.boi/hpc-project/data/output/gaussian_65536_r1.csv"
	User time (seconds): 16189.23
	System time (seconds): 185.99
	Percent of CPU this job got: 99%
	Elapsed (wall clock) time (h:mm:ss or m:ss): 4:29:47
	Average shared text size (kbytes): 0
	Average unshared data size (kbytes): 0
	Average stack size (kbytes): 0
	Average total size (kbytes): 0
	Maximum resident set size (kbytes): 137278726
	Average resident set size (kbytes): 0
	Major (requiring I/O) page faults: 9
	Minor (reclaiming a frame) page faults: 208087072
	Voluntary context switches: 638
	Involuntary context switches: 4858
	Swaps: 0
	File system inputs: 7726
	File system outputs: 19979
	Socket messages sent: 0
	Socket messages received: 0
	Signals delivered: 0
	Page size (bytes): 4134
	Exit status: 0
------------------------------------
Job finished at Thu Feb 05 13:19:14 2026
