Job started at Thu Feb 05 08:49:57 2026
Running on hpc3-c12-n22.unitn.it
MPI ranks: 8
OMP threads per rank: 1
------------------------------------
	Command being timed: "mpiexec --mca mpi_cuda_support 0 -n 8 /home/guglielmo.boi/hpc-project/bin/spectral_clustering /home/guglielmo.boi/hpc-project/data/input/gaussian_65536.csv /home/guglielmo.boi/hpc-project/data/output/gaussian_65536_r8.csv"
	User time (seconds): 58594.42
	System time (seconds): 33.99
	Percent of CPU this job got: 99%
	Elapsed (wall clock) time (h:mm:ss or m:ss): 2:02:30
	Average shared text size (kbytes): 0
	Average unshared data size (kbytes): 0
	Average stack size (kbytes): 0
	Average total size (kbytes): 0
	Maximum resident set size (kbytes): 105492416
	Average resident set size (kbytes): 0
	Major (requiring I/O) page faults: 27
	Minor (reclaiming a frame) page faults: 520801
	Voluntary context switches: 6061
	Involuntary context switches: 1390712
	Swaps: 0
	File system inputs: 8272
	File system outputs: 320305
	Socket messages sent: 0
	Socket messages received: 0
	Signals delivered: 0
	Page size (bytes): 4092
	Exit status: 0
------------------------------------
Job finished at Thu Feb 05 10:52:27 2026
