Job started at Thu Feb 05 11:46:34 2026
Running on hpc3-c12-n29.unitn.it
MPI ranks: 4
OMP threads per rank: 1
------------------------------------
	Command being timed: "mpiexec --mca mpi_cuda_support 0 -n 4 /home/guglielmo.boi/hpc-project/bin/spectral_clustering /home/guglielmo.boi/hpc-project/data/input/gaussian_131072.csv /home/guglielmo.boi/hpc-project/data/output/gaussian_131072_r4.csv"
	User time (seconds): 59979.56
	System time (seconds): 1212.78
	Percent of CPU this job got: 199%
	Elapsed (wall clock) time (h:mm:ss or m:ss): 4:03:20
	Average shared text size (kbytes): 0
	Average unshared data size (kbytes): 0
	Average stack size (kbytes): 0
	Average total size (kbytes): 0
	Maximum resident set size (kbytes): 474880071
	Average resident set size (kbytes): 0
	Major (requiring I/O) page faults: 14
	Minor (reclaiming a frame) page faults: 1424356166
	Voluntary context switches: 13082
	Involuntary context switches: 40564
	Swaps: 0
	File system inputs: 15516
	File system outputs: 124504
	Socket messages sent: 0
	Socket messages received: 0
	Signals delivered: 0
	Page size (bytes): 4018
	Exit status: 0
------------------------------------
Job finished at Thu Feb 05 15:49:54 2026
