Job started at Thu Feb 05 08:49:59 2026
Running on hpc3-c12-n31.unitn.it
MPI ranks: 4
OMP threads per rank: 1
------------------------------------
	Command being timed: "mpiexec --mca mpi_cuda_support 0 -n 4 /home/guglielmo.boi/hpc-project/bin/spectral_clustering /home/guglielmo.boi/hpc-project/data/input/gaussian_65536.csv /home/guglielmo.boi/hpc-project/data/output/gaussian_65536_r4.csv"
	User time (seconds): 32451.71
	System time (seconds): 32.95
	Percent of CPU this job got: 99%
	Elapsed (wall clock) time (h:mm:ss or m:ss): 2:18:20
	Average shared text size (kbytes): 0
	Average unshared data size (kbytes): 0
	Average stack size (kbytes): 0
	Average total size (kbytes): 0
	Maximum resident set size (kbytes): 110441362
	Average resident set size (kbytes): 0
	Major (requiring I/O) page faults: 445
	Minor (reclaiming a frame) page faults: 541546
	Voluntary context switches: 9836
	Involuntary context switches: 625983
	Swaps: 0
	File system inputs: 98826
	File system outputs: 128036
	Socket messages sent: 0
	Socket messages received: 0
	Signals delivered: 0
	Page size (bytes): 4052
	Exit status: 0
------------------------------------
Job finished at Thu Feb 05 11:08:19 2026
