Job started at Thu Feb 05 11:46:34 2026
Running on hpc3-c12-n29.unitn.it
MPI ranks: 2
OMP threads per rank: 1
------------------------------------
	Command being timed: "mpiexec --mca mpi_cuda_support 0 -n 2 /home/guglielmo.boi/hpc-project/bin/spectral_clustering /home/guglielmo.boi/hpc-project/data/input/gaussian_131072.csv /home/guglielmo.boi/hpc-project/data/output/gaussian_131072_r2.csv"
	User time (seconds): 35359.36
	System time (seconds): 1149.12
	Percent of CPU this job got: 199%
	Elapsed (wall clock) time (h:mm:ss or m:ss): 4:55:50
	Average shared text size (kbytes): 0
	Average unshared data size (kbytes): 0
	Average stack size (kbytes): 0
	Average total size (kbytes): 0
	Maximum resident set size (kbytes): 473793369
	Average resident set size (kbytes): 0
	Major (requiring I/O) page faults: 14
	Minor (reclaiming a frame) page faults: 1459813417
	Voluntary context switches: 13034
	Involuntary context switches: 41620
	Swaps: 0
	File system inputs: 14957
	File system outputs: 123630
	Socket messages sent: 0
	Socket messages received: 0
	Signals delivered: 0
	Page size (bytes): 4045
	Exit status: 0
------------------------------------
Job finished at Thu Feb 05 16:42:24 2026
