Job started at Tue Feb  3 11:15:22 AM CET 2026
Running on hpc3-c12-n29.unitn.it
MPI ranks: 2
------------------------------------
	Command being timed: "mpiexec --mca mpi_cuda_support 0 -n 2 /home/guglielmo.boi/hpc-project/bin/spectral_clustering /home/guglielmo.boi/hpc-project/data/input/gaussian_16384.csv /home/guglielmo.boi/hpc-project/data/output/gaussian_16384_r2.csv"
	User time (seconds): 47.01
	System time (seconds): 2.69
	Percent of CPU this job got: 190%
	Elapsed (wall clock) time (h:mm:ss or m:ss): 0:26.16
	Average shared text size (kbytes): 0
	Average unshared data size (kbytes): 0
	Average stack size (kbytes): 0
	Average total size (kbytes): 0
	Maximum resident set size (kbytes): 7364432
	Average resident set size (kbytes): 0
	Major (requiring I/O) page faults: 13
	Minor (reclaiming a frame) page faults: 31850
	Voluntary context switches: 995
	Involuntary context switches: 350
	Swaps: 0
	File system inputs: 544
	File system outputs: 17888
	Socket messages sent: 0
	Socket messages received: 0
	Signals delivered: 0
	Page size (bytes): 4096
	Exit status: 0
------------------------------------
Job finished at Tue Feb  3 11:15:49 AM CET 2026
