Job started at Tue Feb  3 11:19:46 AM CET 2026
Running on hpc3-c12-n26.unitn.it
MPI ranks: 4
------------------------------------
	Command being timed: "mpiexec --mca mpi_cuda_support 0 -n 4 /home/guglielmo.boi/hpc-project/bin/spectral_clustering /home/guglielmo.boi/hpc-project/data/input/gaussian_32768.csv /home/guglielmo.boi/hpc-project/data/output/gaussian_32768_r4.csv"
	User time (seconds): 610.58
	System time (seconds): 10.32
	Percent of CPU this job got: 395%
	Elapsed (wall clock) time (h:mm:ss or m:ss): 2:36.92
	Average shared text size (kbytes): 0
	Average unshared data size (kbytes): 0
	Average stack size (kbytes): 0
	Average total size (kbytes): 0
	Maximum resident set size (kbytes): 27301748
	Average resident set size (kbytes): 0
	Major (requiring I/O) page faults: 23
	Minor (reclaiming a frame) page faults: 88295
	Voluntary context switches: 1774
	Involuntary context switches: 988
	Swaps: 0
	File system inputs: 0
	File system outputs: 21320
	Socket messages sent: 0
	Socket messages received: 0
	Signals delivered: 0
	Page size (bytes): 4096
	Exit status: 0
------------------------------------
Job finished at Tue Feb  3 11:22:23 AM CET 2026
