Job started at Tue Feb  3 11:25:14 AM CET 2026
Running on hpc3-c12-n26.unitn.it
MPI ranks: 64
------------------------------------
	Command being timed: "mpiexec --mca mpi_cuda_support 0 -n 64 /home/guglielmo.boi/hpc-project/bin/spectral_clustering /home/guglielmo.boi/hpc-project/data/input/gaussian_32768.csv /home/guglielmo.boi/hpc-project/data/output/gaussian_32768_r64.csv"
	User time (seconds): 10992.47
	System time (seconds): 81.65
	Percent of CPU this job got: 6315%
	Elapsed (wall clock) time (h:mm:ss or m:ss): 2:55.35
	Average shared text size (kbytes): 0
	Average unshared data size (kbytes): 0
	Average stack size (kbytes): 0
	Average total size (kbytes): 0
	Maximum resident set size (kbytes): 25349516
	Average resident set size (kbytes): 0
	Major (requiring I/O) page faults: 439
	Minor (reclaiming a frame) page faults: 583017
	Voluntary context switches: 109233
	Involuntary context switches: 43597
	Swaps: 0
	File system inputs: 0
	File system outputs: 100208
	Socket messages sent: 0
	Socket messages received: 0
	Signals delivered: 0
	Page size (bytes): 4096
	Exit status: 0
------------------------------------
Job finished at Tue Feb  3 11:28:09 AM CET 2026
