Job started at Wed Jan 28 10:30:45 AM CET 2026
Running on hpc3-c12-n06.unitn.it
MPI ranks: 2
OMP threads: 4
Input: /home/guglielmo.boi/hpc-project/data/input/gaussian_4096.csv
Output: /home/guglielmo.boi/hpc-project/data/output/gaussian_4096_r2.csv
------------------------------------
	Command being timed: "mpiexec --mca mpi_cuda_support 0 -n 2 /home/guglielmo.boi/hpc-project/bin/spectral_clustering /home/guglielmo.boi/hpc-project/data/input/gaussian_4096.csv /home/guglielmo.boi/hpc-project/data/output/gaussian_4096_r2.csv"
	User time (seconds): 154.33
	System time (seconds): 0.72
	Percent of CPU this job got: 195%
	Elapsed (wall clock) time (h:mm:ss or m:ss): 1:19.11
	Average shared text size (kbytes): 0
	Average unshared data size (kbytes): 0
	Average stack size (kbytes): 0
	Average total size (kbytes): 0
	Maximum resident set size (kbytes): 608552
	Average resident set size (kbytes): 0
	Major (requiring I/O) page faults: 21
	Minor (reclaiming a frame) page faults: 21777
	Voluntary context switches: 1011
	Involuntary context switches: 339
	Swaps: 0
	File system inputs: 392
	File system outputs: 17240
	Socket messages sent: 0
	Socket messages received: 0
	Signals delivered: 0
	Page size (bytes): 4096
	Exit status: 0
------------------------------------
Job finished at Wed Jan 28 10:32:04 AM CET 2026
