Job started at Tue Feb  3 11:22:27 AM CET 2026
Running on hpc3-c12-n26.unitn.it
MPI ranks: 16
------------------------------------
	Command being timed: "mpiexec --mca mpi_cuda_support 0 -n 16 /home/guglielmo.boi/hpc-project/bin/spectral_clustering /home/guglielmo.boi/hpc-project/data/input/gaussian_32768.csv /home/guglielmo.boi/hpc-project/data/output/gaussian_32768_r16.csv"
	User time (seconds): 2583.10
	System time (seconds): 15.97
	Percent of CPU this job got: 1583%
	Elapsed (wall clock) time (h:mm:ss or m:ss): 2:44.18
	Average shared text size (kbytes): 0
	Average unshared data size (kbytes): 0
	Average stack size (kbytes): 0
	Average total size (kbytes): 0
	Maximum resident set size (kbytes): 25733472
	Average resident set size (kbytes): 0
	Major (requiring I/O) page faults: 93
	Minor (reclaiming a frame) page faults: 197802
	Voluntary context switches: 9028
	Involuntary context switches: 3535
	Swaps: 0
	File system inputs: 0
	File system outputs: 30336
	Socket messages sent: 0
	Socket messages received: 0
	Signals delivered: 0
	Page size (bytes): 4096
	Exit status: 0
------------------------------------
Job finished at Tue Feb  3 11:25:11 AM CET 2026
