Job started at Tue Feb  3 11:20:11 AM CET 2026
Running on hpc3-c12-n29.unitn.it
MPI ranks: 8
------------------------------------
	Command being timed: "mpiexec --mca mpi_cuda_support 0 -n 8 /home/guglielmo.boi/hpc-project/bin/spectral_clustering /home/guglielmo.boi/hpc-project/data/input/gaussian_32768.csv /home/guglielmo.boi/hpc-project/data/output/gaussian_32768_r8.csv"
	User time (seconds): 1246.68
	System time (seconds): 11.94
	Percent of CPU this job got: 791%
	Elapsed (wall clock) time (h:mm:ss or m:ss): 2:39.10
	Average shared text size (kbytes): 0
	Average unshared data size (kbytes): 0
	Average stack size (kbytes): 0
	Average total size (kbytes): 0
	Maximum resident set size (kbytes): 26253592
	Average resident set size (kbytes): 0
	Major (requiring I/O) page faults: 33
	Minor (reclaiming a frame) page faults: 139097
	Voluntary context switches: 3520
	Involuntary context switches: 1591
	Swaps: 0
	File system inputs: 0
	File system outputs: 24328
	Socket messages sent: 0
	Socket messages received: 0
	Signals delivered: 0
	Page size (bytes): 4096
	Exit status: 0
------------------------------------
Job finished at Tue Feb  3 11:22:50 AM CET 2026
