Job started at Tue Feb  3 11:16:22 AM CET 2026
Running on hpc3-c12-n29.unitn.it
MPI ranks: 16
------------------------------------
	Command being timed: "mpiexec --mca mpi_cuda_support 0 -n 16 /home/guglielmo.boi/hpc-project/bin/spectral_clustering /home/guglielmo.boi/hpc-project/data/input/gaussian_16384.csv /home/guglielmo.boi/hpc-project/data/output/gaussian_16384_r16.csv"
	User time (seconds): 382.96
	System time (seconds): 7.70
	Percent of CPU this job got: 1504%
	Elapsed (wall clock) time (h:mm:ss or m:ss): 0:25.96
	Average shared text size (kbytes): 0
	Average unshared data size (kbytes): 0
	Average stack size (kbytes): 0
	Average total size (kbytes): 0
	Maximum resident set size (kbytes): 6447800
	Average resident set size (kbytes): 0
	Major (requiring I/O) page faults: 90
	Minor (reclaiming a frame) page faults: 142910
	Voluntary context switches: 8231
	Involuntary context switches: 1456
	Swaps: 0
	File system inputs: 0
	File system outputs: 29424
	Socket messages sent: 0
	Socket messages received: 0
	Signals delivered: 0
	Page size (bytes): 4096
	Exit status: 0
------------------------------------
Job finished at Tue Feb  3 11:16:48 AM CET 2026
