Job started at Tue Feb  3 11:16:53 AM CET 2026
Running on hpc3-c12-n26.unitn.it
MPI ranks: 1
------------------------------------
	Command being timed: "mpiexec --mca mpi_cuda_support 0 -n 1 /home/guglielmo.boi/hpc-project/bin/spectral_clustering /home/guglielmo.boi/hpc-project/data/input/gaussian_32768.csv /home/guglielmo.boi/hpc-project/data/output/gaussian_32768_r1.csv"
	User time (seconds): 158.36
	System time (seconds): 8.61
	Percent of CPU this job got: 98%
	Elapsed (wall clock) time (h:mm:ss or m:ss): 2:48.74
	Average shared text size (kbytes): 0
	Average unshared data size (kbytes): 0
	Average stack size (kbytes): 0
	Average total size (kbytes): 0
	Maximum resident set size (kbytes): 33595072
	Average resident set size (kbytes): 0
	Major (requiring I/O) page faults: 9
	Minor (reclaiming a frame) page faults: 52849
	Voluntary context switches: 529
	Involuntary context switches: 637
	Swaps: 0
	File system inputs: 3816
	File system outputs: 18272
	Socket messages sent: 0
	Socket messages received: 0
	Signals delivered: 0
	Page size (bytes): 4096
	Exit status: 0
------------------------------------
Job finished at Tue Feb  3 11:19:42 AM CET 2026
