Job started at Tue Feb  3 11:16:52 AM CET 2026
Running on hpc3-c12-n29.unitn.it
MPI ranks: 64
------------------------------------
	Command being timed: "mpiexec --mca mpi_cuda_support 0 -n 64 /home/guglielmo.boi/hpc-project/bin/spectral_clustering /home/guglielmo.boi/hpc-project/data/input/gaussian_16384.csv /home/guglielmo.boi/hpc-project/data/output/gaussian_16384_r64.csv"
	User time (seconds): 1641.73
	System time (seconds): 58.16
	Percent of CPU this job got: 5943%
	Elapsed (wall clock) time (h:mm:ss or m:ss): 0:28.60
	Average shared text size (kbytes): 0
	Average unshared data size (kbytes): 0
	Average stack size (kbytes): 0
	Average total size (kbytes): 0
	Maximum resident set size (kbytes): 6355080
	Average resident set size (kbytes): 0
	Major (requiring I/O) page faults: 433
	Minor (reclaiming a frame) page faults: 472299
	Voluntary context switches: 104287
	Involuntary context switches: 19340
	Swaps: 0
	File system inputs: 0
	File system outputs: 99432
	Socket messages sent: 0
	Socket messages received: 0
	Signals delivered: 0
	Page size (bytes): 4096
	Exit status: 0
------------------------------------
Job finished at Tue Feb  3 11:17:20 AM CET 2026
