Job started at Wed Jan 28 10:32:09 AM CET 2026
Running on hpc3-c12-n06.unitn.it
MPI ranks: 2
OMP threads: 4
Input: /home/guglielmo.boi/hpc-project/data/input/gaussian_8192.csv
Output: /home/guglielmo.boi/hpc-project/data/output/gaussian_8192_r2.csv
------------------------------------
	Command being timed: "mpiexec --mca mpi_cuda_support 0 -n 2 /home/guglielmo.boi/hpc-project/bin/spectral_clustering /home/guglielmo.boi/hpc-project/data/input/gaussian_8192.csv /home/guglielmo.boi/hpc-project/data/output/gaussian_8192_r2.csv"
	User time (seconds): 1305.55
	System time (seconds): 1.22
	Percent of CPU this job got: 198%
	Elapsed (wall clock) time (h:mm:ss or m:ss): 10:56.96
	Average shared text size (kbytes): 0
	Average unshared data size (kbytes): 0
	Average stack size (kbytes): 0
	Average total size (kbytes): 0
	Maximum resident set size (kbytes): 2380192
	Average resident set size (kbytes): 0
	Major (requiring I/O) page faults: 14
	Minor (reclaiming a frame) page faults: 29291
	Voluntary context switches: 1008
	Involuntary context switches: 742
	Swaps: 0
	File system inputs: 0
	File system outputs: 17480
	Socket messages sent: 0
	Socket messages received: 0
	Signals delivered: 0
	Page size (bytes): 4096
	Exit status: 0
------------------------------------
Job finished at Wed Jan 28 10:43:06 AM CET 2026
