Job started at Tue Feb  3 11:26:00 AM CET 2026
Running on hpc3-c12-n29.unitn.it
MPI ranks: 1
------------------------------------
[hpc3-c12-n29:508762:0:508762] Caught signal 11 (Segmentation fault: address not mapped to object at address 0x150e08ff3040)
==== backtrace (tid: 508762) ====
 0 0x000000000003fc30 __GI___sigaction()  :0
 1 0x000000000016ba0c __memcpy_evex_unaligned_erms()  :0
 2 0x000000000042acf9 spectral_clustering()  ???:0
 3 0x000000000040417b main()  ???:0
 4 0x000000000002a610 __libc_start_call_main()  ???:0
 5 0x000000000002a6c0 __libc_start_main_alias_2()  :0
 6 0x00000000004043a5 _start()  ???:0
=================================
[hpc3-c12-n29:508762] *** Process received signal ***
[hpc3-c12-n29:508762] Signal: Segmentation fault (11)
[hpc3-c12-n29:508762] Signal code:  (-6)
[hpc3-c12-n29:508762] Failing at address: 0x380db0007c35a
[hpc3-c12-n29:508762] [ 0] /lib64/libc.so.6(+0x3fc30)[0x152a1903fc30]
[hpc3-c12-n29:508762] [ 1] /lib64/libc.so.6(+0x16ba0c)[0x152a1916ba0c]
[hpc3-c12-n29:508762] [ 2] /home/guglielmo.boi/hpc-project/bin/spectral_clustering[0x42acf9]
[hpc3-c12-n29:508762] [ 3] /home/guglielmo.boi/hpc-project/bin/spectral_clustering[0x40417b]
[hpc3-c12-n29:508762] [ 4] /lib64/libc.so.6(+0x2a610)[0x152a1902a610]
[hpc3-c12-n29:508762] [ 5] /lib64/libc.so.6(__libc_start_main+0x80)[0x152a1902a6c0]
[hpc3-c12-n29:508762] [ 6] /home/guglielmo.boi/hpc-project/bin/spectral_clustering[0x4043a5]
[hpc3-c12-n29:508762] *** End of error message ***
--------------------------------------------------------------------------
Primary job  terminated normally, but 1 process returned
a non-zero exit code. Per user-direction, the job has been aborted.
--------------------------------------------------------------------------
--------------------------------------------------------------------------
mpiexec noticed that process rank 0 with PID 0 on node hpc3-c12-n29 exited on signal 11 (Segmentation fault).
--------------------------------------------------------------------------
Command exited with non-zero status 139
	Command being timed: "mpiexec --mca mpi_cuda_support 0 -n 1 /home/guglielmo.boi/hpc-project/bin/spectral_clustering /home/guglielmo.boi/hpc-project/data/input/gaussian_65536.csv /home/guglielmo.boi/hpc-project/data/output/gaussian_65536_r1.csv"
	User time (seconds): 61.46
	System time (seconds): 18.09
	Percent of CPU this job got: 93%
	Elapsed (wall clock) time (h:mm:ss or m:ss): 1:25.11
	Average shared text size (kbytes): 0
	Average unshared data size (kbytes): 0
	Average stack size (kbytes): 0
	Average total size (kbytes): 0
	Maximum resident set size (kbytes): 50356272
	Average resident set size (kbytes): 0
	Major (requiring I/O) page faults: 9
	Minor (reclaiming a frame) page faults: 65910
	Voluntary context switches: 676
	Involuntary context switches: 390
	Swaps: 0
	File system inputs: 7624
	File system outputs: 16504
	Socket messages sent: 0
	Socket messages received: 0
	Signals delivered: 0
	Page size (bytes): 4096
	Exit status: 139
------------------------------------
Job finished at Tue Feb  3 11:27:25 AM CET 2026
