Job started at Wed Jan 28 10:30:45 AM CET 2026
Running on hpc3-c12-n06.unitn.it
MPI ranks: 1
OMP threads: 4
Input: /home/guglielmo.boi/hpc-project/data/input/gaussian_4096.csv
Output: /home/guglielmo.boi/hpc-project/data/output/gaussian_4096_r1.csv
------------------------------------
	Command being timed: "mpiexec --mca mpi_cuda_support 0 -n 1 /home/guglielmo.boi/hpc-project/bin/spectral_clustering /home/guglielmo.boi/hpc-project/data/input/gaussian_4096.csv /home/guglielmo.boi/hpc-project/data/output/gaussian_4096_r1.csv"
	User time (seconds): 78.95
	System time (seconds): 0.47
	Percent of CPU this job got: 98%
	Elapsed (wall clock) time (h:mm:ss or m:ss): 1:20.93
	Average shared text size (kbytes): 0
	Average unshared data size (kbytes): 0
	Average stack size (kbytes): 0
	Average total size (kbytes): 0
	Maximum resident set size (kbytes): 674288
	Average resident set size (kbytes): 0
	Major (requiring I/O) page faults: 15
	Minor (reclaiming a frame) page faults: 17135
	Voluntary context switches: 633
	Involuntary context switches: 184
	Swaps: 0
	File system inputs: 216
	File system outputs: 16736
	Socket messages sent: 0
	Socket messages received: 0
	Signals delivered: 0
	Page size (bytes): 4096
	Exit status: 0
------------------------------------
Job finished at Wed Jan 28 10:32:06 AM CET 2026
