Job started at Tue Feb  3 11:16:23 AM CET 2026
Running on hpc3-c12-n26.unitn.it
MPI ranks: 32
------------------------------------
	Command being timed: "mpiexec --mca mpi_cuda_support 0 -n 32 /home/guglielmo.boi/hpc-project/bin/spectral_clustering /home/guglielmo.boi/hpc-project/data/input/gaussian_16384.csv /home/guglielmo.boi/hpc-project/data/output/gaussian_16384_r32.csv"
	User time (seconds): 796.71
	System time (seconds): 17.96
	Percent of CPU this job got: 3007%
	Elapsed (wall clock) time (h:mm:ss or m:ss): 0:27.08
	Average shared text size (kbytes): 0
	Average unshared data size (kbytes): 0
	Average stack size (kbytes): 0
	Average total size (kbytes): 0
	Maximum resident set size (kbytes): 6383688
	Average resident set size (kbytes): 0
	Major (requiring I/O) page faults: 197
	Minor (reclaiming a frame) page faults: 245900
	Voluntary context switches: 35950
	Involuntary context switches: 8083
	Swaps: 0
	File system inputs: 0
	File system outputs: 41488
	Socket messages sent: 0
	Socket messages received: 0
	Signals delivered: 0
	Page size (bytes): 4096
	Exit status: 0
------------------------------------
Job finished at Tue Feb  3 11:16:50 AM CET 2026
