Job started at Tue Feb  3 11:15:54 AM CET 2026
Running on hpc3-c12-n26.unitn.it
MPI ranks: 8
------------------------------------
	Command being timed: "mpiexec --mca mpi_cuda_support 0 -n 8 /home/guglielmo.boi/hpc-project/bin/spectral_clustering /home/guglielmo.boi/hpc-project/data/input/gaussian_16384.csv /home/guglielmo.boi/hpc-project/data/output/gaussian_16384_r8.csv"
	User time (seconds): 186.92
	System time (seconds): 4.43
	Percent of CPU this job got: 757%
	Elapsed (wall clock) time (h:mm:ss or m:ss): 0:25.25
	Average shared text size (kbytes): 0
	Average unshared data size (kbytes): 0
	Average stack size (kbytes): 0
	Average total size (kbytes): 0
	Maximum resident set size (kbytes): 6577624
	Average resident set size (kbytes): 0
	Major (requiring I/O) page faults: 47
	Minor (reclaiming a frame) page faults: 78531
	Voluntary context switches: 3044
	Involuntary context switches: 991
	Swaps: 0
	File system inputs: 0
	File system outputs: 23416
	Socket messages sent: 0
	Socket messages received: 0
	Signals delivered: 0
	Page size (bytes): 4096
	Exit status: 0
------------------------------------
Job finished at Tue Feb  3 11:16:20 AM CET 2026
