Job started at Tue Feb  3 11:27:31 AM CET 2026
Running on hpc3-c12-n29.unitn.it
MPI ranks: 2
------------------------------------
[hpc3-c12-n29:509255:0:509255] Caught signal 11 (Segmentation fault: address not mapped to object at address 0x153902df1040)
==== backtrace (tid: 509255) ====
 0 0x000000000003fc30 __GI___sigaction()  :0
 1 0x000000000016ba0c __memcpy_evex_unaligned_erms()  :0
 2 0x000000000042acf9 spectral_clustering()  ???:0
 3 0x000000000040417b main()  ???:0
 4 0x000000000002a610 __libc_start_call_main()  ???:0
 5 0x000000000002a6c0 __libc_start_main_alias_2()  :0
 6 0x00000000004043a5 _start()  ???:0
=================================
[hpc3-c12-n29:509255] *** Process received signal ***
[hpc3-c12-n29:509255] Signal: Segmentation fault (11)
[hpc3-c12-n29:509255] Signal code:  (-6)
[hpc3-c12-n29:509255] Failing at address: 0x380db0007c547
[hpc3-c12-n29:509255] [ 0] /lib64/libc.so.6(+0x3fc30)[0x154d1b03fc30]
[hpc3-c12-n29:509255] [ 1] /lib64/libc.so.6(+0x16ba0c)[0x154d1b16ba0c]
[hpc3-c12-n29:509255] [ 2] /home/guglielmo.boi/hpc-project/bin/spectral_clustering[0x42acf9]
[hpc3-c12-n29:509255] [ 3] /home/guglielmo.boi/hpc-project/bin/spectral_clustering[0x40417b]
[hpc3-c12-n29:509255] [ 4] /lib64/libc.so.6(+0x2a610)[0x154d1b02a610]
[hpc3-c12-n29:509255] [ 5] /lib64/libc.so.6(__libc_start_main+0x80)[0x154d1b02a6c0]
[hpc3-c12-n29:509255] [ 6] /home/guglielmo.boi/hpc-project/bin/spectral_clustering[0x4043a5]
[hpc3-c12-n29:509255] *** End of error message ***
--------------------------------------------------------------------------
Primary job  terminated normally, but 1 process returned
a non-zero exit code. Per user-direction, the job has been aborted.
--------------------------------------------------------------------------
--------------------------------------------------------------------------
mpiexec noticed that process rank 0 with PID 0 on node hpc3-c12-n29 exited on signal 11 (Segmentation fault).
--------------------------------------------------------------------------
Command exited with non-zero status 139
	Command being timed: "mpiexec --mca mpi_cuda_support 0 -n 2 /home/guglielmo.boi/hpc-project/bin/spectral_clustering /home/guglielmo.boi/hpc-project/data/input/gaussian_65536.csv /home/guglielmo.boi/hpc-project/data/output/gaussian_65536_r2.csv"
	User time (seconds): 29.78
	System time (seconds): 8.06
	Percent of CPU this job got: 93%
	Elapsed (wall clock) time (h:mm:ss or m:ss): 0:40.60
	Average shared text size (kbytes): 0
	Average unshared data size (kbytes): 0
	Average stack size (kbytes): 0
	Average total size (kbytes): 0
	Maximum resident set size (kbytes): 16803984
	Average resident set size (kbytes): 0
	Major (requiring I/O) page faults: 11
	Minor (reclaiming a frame) page faults: 35894
	Voluntary context switches: 14318
	Involuntary context switches: 225
	Swaps: 0
	File system inputs: 0
	File system outputs: 16792
	Socket messages sent: 0
	Socket messages received: 0
	Signals delivered: 0
	Page size (bytes): 4096
	Exit status: 139
------------------------------------
Job finished at Tue Feb  3 11:28:12 AM CET 2026
