Job started at Tue Feb  3 11:22:55 AM CET 2026
Running on hpc3-c12-n29.unitn.it
MPI ranks: 32
------------------------------------
	Command being timed: "mpiexec --mca mpi_cuda_support 0 -n 32 /home/guglielmo.boi/hpc-project/bin/spectral_clustering /home/guglielmo.boi/hpc-project/data/input/gaussian_32768.csv /home/guglielmo.boi/hpc-project/data/output/gaussian_32768_r32.csv"
	User time (seconds): 5616.93
	System time (seconds): 30.31
	Percent of CPU this job got: 3157%
	Elapsed (wall clock) time (h:mm:ss or m:ss): 2:58.85
	Average shared text size (kbytes): 0
	Average unshared data size (kbytes): 0
	Average stack size (kbytes): 0
	Average total size (kbytes): 0
	Maximum resident set size (kbytes): 25473840
	Average resident set size (kbytes): 0
	Major (requiring I/O) page faults: 180
	Minor (reclaiming a frame) page faults: 335495
	Voluntary context switches: 31288
	Involuntary context switches: 9508
	Swaps: 0
	File system inputs: 0
	File system outputs: 42616
	Socket messages sent: 0
	Socket messages received: 0
	Signals delivered: 0
	Page size (bytes): 4096
	Exit status: 0
------------------------------------
Job finished at Tue Feb  3 11:25:54 AM CET 2026
