Job started at Tue Feb  3 11:40:06 AM CET 2026
Running on hpc3-c12-n26.unitn.it
MPI ranks: 16
------------------------------------
	Command being timed: "mpiexec --mca mpi_cuda_support 0 -n 16 /home/guglielmo.boi/hpc-project/bin/spectral_clustering /home/guglielmo.boi/hpc-project/data/input/gaussian_65536.csv /home/guglielmo.boi/hpc-project/data/output/gaussian_65536_r16.csv"
	User time (seconds): 11224.35
	System time (seconds): 54.58
	Percent of CPU this job got: 1593%
	Elapsed (wall clock) time (h:mm:ss or m:ss): 11:47.89
	Average shared text size (kbytes): 0
	Average unshared data size (kbytes): 0
	Average stack size (kbytes): 0
	Average total size (kbytes): 0
	Maximum resident set size (kbytes): 102847868
	Average resident set size (kbytes): 0
	Major (requiring I/O) page faults: 72
	Minor (reclaiming a frame) page faults: 1439102
	Voluntary context switches: 8407
	Involuntary context switches: 11078
	Swaps: 0
	File system inputs: 8
	File system outputs: 32152
	Socket messages sent: 0
	Socket messages received: 0
	Signals delivered: 0
	Page size (bytes): 4096
	Exit status: 0
------------------------------------
Job finished at Tue Feb  3 11:51:54 AM CET 2026
