Job started at Wed Jan 28 10:30:47 AM CET 2026
Running on hpc3-c11-n11.unitn.it
MPI ranks: 1
OMP threads: 4
Input: /home/guglielmo.boi/hpc-project/data/input/gaussian_8192.csv
Output: /home/guglielmo.boi/hpc-project/data/output/gaussian_8192_r1.csv
------------------------------------
	Command being timed: "mpiexec --mca mpi_cuda_support 0 -n 1 /home/guglielmo.boi/hpc-project/bin/spectral_clustering /home/guglielmo.boi/hpc-project/data/input/gaussian_8192.csv /home/guglielmo.boi/hpc-project/data/output/gaussian_8192_r1.csv"
	User time (seconds): 631.22
	System time (seconds): 0.85
	Percent of CPU this job got: 99%
	Elapsed (wall clock) time (h:mm:ss or m:ss): 10:35.29
	Average shared text size (kbytes): 0
	Average unshared data size (kbytes): 0
	Average stack size (kbytes): 0
	Average total size (kbytes): 0
	Maximum resident set size (kbytes): 2643552
	Average resident set size (kbytes): 0
	Major (requiring I/O) page faults: 11
	Minor (reclaiming a frame) page faults: 21240
	Voluntary context switches: 644
	Involuntary context switches: 392
	Swaps: 0
	File system inputs: 608
	File system outputs: 16936
	Socket messages sent: 0
	Socket messages received: 0
	Signals delivered: 0
	Page size (bytes): 4096
	Exit status: 0
------------------------------------
Job finished at Wed Jan 28 10:41:24 AM CET 2026
