Job started at Sat Feb 07 09:14:53 2026
Running on hpc3-c12-n25.unitn.it
MPI ranks: 2
OMP threads per rank: 8
------------------------------------
	Command being timed: "mpiexec --mca mpi_cuda_support 0 -n 2 /home/guglielmo.boi/hpc-project/bin/spectral_clustering /home/guglielmo.boi/hpc-project/data/input/mixed_131072.csv /home/guglielmo.boi/hpc-project/data/output/mixed_131072_r2.csv"
	User time (seconds): 127506.99
	System time (seconds): 1067.43
	Percent of CPU this job got: 199%
	Elapsed (wall clock) time (h:mm:ss or m:ss): 2:18:20
	Average shared text size (kbytes): 0
	Average unshared data size (kbytes): 0
	Average stack size (kbytes): 0
	Average total size (kbytes): 0
	Maximum resident set size (kbytes): 456428458
	Average resident set size (kbytes): 0
	Major (requiring I/O) page faults: 130
	Minor (reclaiming a frame) page faults: 1137687111
	Voluntary context switches: 12213
	Involuntary context switches: 31547
	Swaps: 0
	File system inputs: 23635
	File system outputs: 104424
	Socket messages sent: 0
	Socket messages received: 0
	Signals delivered: 0
	Page size (bytes): 4193
	Exit status: 0
------------------------------------
Job finished at Sat Feb 07 11:33:13 2026
