Job started at Sat Feb 07 09:14:53 2026
Running on hpc3-c12-n21.unitn.it
MPI ranks: 8
OMP threads per rank: 8
------------------------------------
	Command being timed: "mpiexec --mca mpi_cuda_support 0 -n 8 /home/guglielmo.boi/hpc-project/bin/spectral_clustering /home/guglielmo.boi/hpc-project/data/input/mixed_32768.csv /home/guglielmo.boi/hpc-project/data/output/mixed_32768_r8.csv"
	User time (seconds): 79519.49
	System time (seconds): 10.31
	Percent of CPU this job got: 299%
	Elapsed (wall clock) time (h:mm:ss or m:ss): 0:20:19
	Average shared text size (kbytes): 0
	Average unshared data size (kbytes): 0
	Average stack size (kbytes): 0
	Average total size (kbytes): 0
	Maximum resident set size (kbytes): 26439215
	Average resident set size (kbytes): 0
	Major (requiring I/O) page faults: 46
	Minor (reclaiming a frame) page faults: 139356
	Voluntary context switches: 6431
	Involuntary context switches: 168517
	Swaps: 0
	File system inputs: 4600
	File system outputs: 52778
	Socket messages sent: 0
	Socket messages received: 0
	Signals delivered: 0
	Page size (bytes): 4198
	Exit status: 0
------------------------------------
Job finished at Sat Feb 07 09:35:12 2026
