Job started at Sat Feb 07 09:14:53 2026
Running on hpc3-c12-n29.unitn.it
MPI ranks: 8
OMP threads per rank: 8
------------------------------------
	Command being timed: "mpiexec --mca mpi_cuda_support 0 -n 8 /home/guglielmo.boi/hpc-project/bin/spectral_clustering /home/guglielmo.boi/hpc-project/data/input/mixed_131072.csv /home/guglielmo.boi/hpc-project/data/output/mixed_131072_r8.csv"
	User time (seconds): 316325.05
	System time (seconds): 1016.21
	Percent of CPU this job got: 199%
	Elapsed (wall clock) time (h:mm:ss or m:ss): 1:21:37
	Average shared text size (kbytes): 0
	Average unshared data size (kbytes): 0
	Average stack size (kbytes): 0
	Average total size (kbytes): 0
	Maximum resident set size (kbytes): 452618433
	Average resident set size (kbytes): 0
	Major (requiring I/O) page faults: 62
	Minor (reclaiming a frame) page faults: 1364229500
	Voluntary context switches: 31771
	Involuntary context switches: 3068615
	Swaps: 0
	File system inputs: 15878
	File system outputs: 471023
	Socket messages sent: 0
	Socket messages received: 0
	Signals delivered: 0
	Page size (bytes): 4223
	Exit status: 0
------------------------------------
Job finished at Sat Feb 07 10:36:30 2026
