Job started at Sat Feb 07 09:14:54 2026
Running on hpc3-c12-n23.unitn.it
MPI ranks: 1
OMP threads per rank: 8
------------------------------------
	Command being timed: "mpiexec --mca mpi_cuda_support 0 -n 1 /home/guglielmo.boi/hpc-project/bin/spectral_clustering /home/guglielmo.boi/hpc-project/data/input/mixed_65536.csv /home/guglielmo.boi/hpc-project/data/output/mixed_65536_r1.csv"
	User time (seconds): 46585.10
	System time (seconds): 34.78
	Percent of CPU this job got: 99%
	Elapsed (wall clock) time (h:mm:ss or m:ss): 1:35:00
	Average shared text size (kbytes): 0
	Average unshared data size (kbytes): 0
	Average stack size (kbytes): 0
	Average total size (kbytes): 0
	Maximum resident set size (kbytes): 131283990
	Average resident set size (kbytes): 0
	Major (requiring I/O) page faults: 11
	Minor (reclaiming a frame) page faults: 528478
	Voluntary context switches: 1202
	Involuntary context switches: 1619
	Swaps: 0
	File system inputs: 8385
	File system outputs: 19977
	Socket messages sent: 0
	Socket messages received: 0
	Signals delivered: 0
	Page size (bytes): 4248
	Exit status: 0
------------------------------------
Job finished at Sat Feb 07 10:49:54 2026
