Job started at Sat Feb 07 09:14:53 2026
Running on hpc3-c12-n32.unitn.it
MPI ranks: 2
OMP threads per rank: 8
------------------------------------
	Command being timed: "mpiexec --mca mpi_cuda_support 0 -n 2 /home/guglielmo.boi/hpc-project/bin/spectral_clustering /home/guglielmo.boi/hpc-project/data/input/mixed_32768.csv /home/guglielmo.boi/hpc-project/data/output/mixed_32768_r2.csv"
	User time (seconds): 24770.15
	System time (seconds): 9.66
	Percent of CPU this job got: 197%
	Elapsed (wall clock) time (h:mm:ss or m:ss): 0:26:08
	Average shared text size (kbytes): 0
	Average unshared data size (kbytes): 0
	Average stack size (kbytes): 0
	Average total size (kbytes): 0
	Maximum resident set size (kbytes): 28956004
	Average resident set size (kbytes): 0
	Major (requiring I/O) page faults: 13
	Minor (reclaiming a frame) page faults: 69045
	Voluntary context switches: 2123
	Involuntary context switches: 957
	Swaps: 0
	File system inputs: 4500
	File system outputs: 20119
	Socket messages sent: 0
	Socket messages received: 0
	Signals delivered: 0
	Page size (bytes): 4005
	Exit status: 0
------------------------------------
Job finished at Sat Feb 07 09:41:01 2026
