Job started at Sat Feb 07 09:14:53 2026
Running on hpc3-c12-n34.unitn.it
MPI ranks: 1
OMP threads per rank: 8
------------------------------------
	Command being timed: "mpiexec --mca mpi_cuda_support 0 -n 1 /home/guglielmo.boi/hpc-project/bin/spectral_clustering /home/guglielmo.boi/hpc-project/data/input/mixed_131072.csv /home/guglielmo.boi/hpc-project/data/output/mixed_131072_r1.csv"
	User time (seconds): 81532.28
	System time (seconds): 1175.98
	Percent of CPU this job got: 99%
	Elapsed (wall clock) time (h:mm:ss or m:ss): 2:49:10
	Average shared text size (kbytes): 0
	Average unshared data size (kbytes): 0
	Average stack size (kbytes): 0
	Average total size (kbytes): 0
	Maximum resident set size (kbytes): 536867759
	Average resident set size (kbytes): 0
	Major (requiring I/O) page faults: 11
	Minor (reclaiming a frame) page faults: 1356917349
	Voluntary context switches: 2264
	Involuntary context switches: 19357
	Swaps: 0
	File system inputs: 685
	File system outputs: 22902
	Socket messages sent: 0
	Socket messages received: 0
	Signals delivered: 0
	Page size (bytes): 4186
	Exit status: 0
------------------------------------
Job finished at Sat Feb 07 12:04:03 2026
