Job started at Sat Feb 07 09:14:53 2026
Running on hpc3-c13-n29.unitn.it
MPI ranks: 4
OMP threads per rank: 8
------------------------------------
	Command being timed: "mpiexec --mca mpi_cuda_support 0 -n 4 /home/guglielmo.boi/hpc-project/bin/spectral_clustering /home/guglielmo.boi/hpc-project/data/input/mixed_131072.csv /home/guglielmo.boi/hpc-project/data/output/mixed_131072_r4.csv"
	User time (seconds): 208480.15
	System time (seconds): 1095.24
	Percent of CPU this job got: 199%
	Elapsed (wall clock) time (h:mm:ss or m:ss): 1:50:18
	Average shared text size (kbytes): 0
	Average unshared data size (kbytes): 0
	Average stack size (kbytes): 0
	Average total size (kbytes): 0
	Maximum resident set size (kbytes): 457918644
	Average resident set size (kbytes): 0
	Major (requiring I/O) page faults: 67
	Minor (reclaiming a frame) page faults: 1335274179
	Voluntary context switches: 32536
	Involuntary context switches: 2740037
	Swaps: 0
	File system inputs: 16283
	File system outputs: 458170
	Socket messages sent: 0
	Socket messages received: 0
	Signals delivered: 0
	Page size (bytes): 4024
	Exit status: 0
------------------------------------
Job finished at Sat Feb 07 11:05:11 2026
