Job started at Sat Feb 07 09:14:53 2026
Running on hpc3-c12-n21.unitn.it
MPI ranks: 8
OMP threads per rank: 8
------------------------------------
	Command being timed: "mpiexec --mca mpi_cuda_support 0 -n 8 /home/guglielmo.boi/hpc-project/bin/spectral_clustering /home/guglielmo.boi/hpc-project/data/input/gaussian_32768.csv /home/guglielmo.boi/hpc-project/data/output/gaussian_32768_r8.csv"
	User time (seconds): 78843.12
	System time (seconds): 10.67
	Percent of CPU this job got: 299%
	Elapsed (wall clock) time (h:mm:ss or m:ss): 0:20:19
	Average shared text size (kbytes): 0
	Average unshared data size (kbytes): 0
	Average stack size (kbytes): 0
	Average total size (kbytes): 0
	Maximum resident set size (kbytes): 25608541
	Average resident set size (kbytes): 0
	Major (requiring I/O) page faults: 47
	Minor (reclaiming a frame) page faults: 135434
	Voluntary context switches: 6171
	Involuntary context switches: 171822
	Swaps: 0
	File system inputs: 4384
	File system outputs: 54383
	Socket messages sent: 0
	Socket messages received: 0
	Signals delivered: 0
	Page size (bytes): 4133
	Exit status: 0
------------------------------------
Job finished at Sat Feb 07 09:35:12 2026
