Job started at Sat Feb 07 09:14:53 2026
Running on hpc3-c12-n25.unitn.it
MPI ranks: 4
OMP threads per rank: 8
------------------------------------
	Command being timed: "mpiexec --mca mpi_cuda_support 0 -n 4 /home/guglielmo.boi/hpc-project/bin/spectral_clustering /home/guglielmo.boi/hpc-project/data/input/gaussian_32768.csv /home/guglielmo.boi/hpc-project/data/output/gaussian_32768_r4.csv"
	User time (seconds): 44690.05
	System time (seconds): 8.99
	Percent of CPU this job got: 199%
	Elapsed (wall clock) time (h:mm:ss or m:ss): 0:22:41
	Average shared text size (kbytes): 0
	Average unshared data size (kbytes): 0
	Average stack size (kbytes): 0
	Average total size (kbytes): 0
	Maximum resident set size (kbytes): 27260610
	Average resident set size (kbytes): 0
	Major (requiring I/O) page faults: 18
	Minor (reclaiming a frame) page faults: 98020
	Voluntary context switches: 3668
	Involuntary context switches: 119454
	Swaps: 0
	File system inputs: 4350
	File system outputs: 43281
	Socket messages sent: 0
	Socket messages received: 0
	Signals delivered: 0
	Page size (bytes): 4088
	Exit status: 0
------------------------------------
Job finished at Sat Feb 07 09:37:34 2026
