Job started at Sat Feb 07 09:14:54 2026
Running on hpc3-c12-n22.unitn.it
MPI ranks: 1
OMP threads per rank: 8
------------------------------------
	Command being timed: "mpiexec --mca mpi_cuda_support 0 -n 1 /home/guglielmo.boi/hpc-project/bin/spectral_clustering /home/guglielmo.boi/hpc-project/data/input/gaussian_65536.csv /home/guglielmo.boi/hpc-project/data/output/gaussian_65536_r1.csv"
	User time (seconds): 46355.14
	System time (seconds): 33.85
	Percent of CPU this job got: 99%
	Elapsed (wall clock) time (h:mm:ss or m:ss): 1:35:00
	Average shared text size (kbytes): 0
	Average unshared data size (kbytes): 0
	Average stack size (kbytes): 0
	Average total size (kbytes): 0
	Maximum resident set size (kbytes): 130560552
	Average resident set size (kbytes): 0
	Major (requiring I/O) page faults: 11
	Minor (reclaiming a frame) page faults: 510684
	Voluntary context switches: 1237
	Involuntary context switches: 1546
	Swaps: 0
	File system inputs: 8361
	File system outputs: 19920
	Socket messages sent: 0
	Socket messages received: 0
	Signals delivered: 0
	Page size (bytes): 4134
	Exit status: 0
------------------------------------
Job finished at Sat Feb 07 10:49:54 2026
