Job started at Sat Feb 07 09:14:53 2026
Running on hpc3-c12-n28.unitn.it
MPI ranks: 4
OMP threads per rank: 8
------------------------------------
	Command being timed: "mpiexec --mca mpi_cuda_support 0 -n 4 /home/guglielmo.boi/hpc-project/bin/spectral_clustering /home/guglielmo.boi/hpc-project/data/input/gaussian_131072.csv /home/guglielmo.boi/hpc-project/data/output/gaussian_131072_r4.csv"
	User time (seconds): 212437.26
	System time (seconds): 1074.76
	Percent of CPU this job got: 199%
	Elapsed (wall clock) time (h:mm:ss or m:ss): 1:50:18
	Average shared text size (kbytes): 0
	Average unshared data size (kbytes): 0
	Average stack size (kbytes): 0
	Average total size (kbytes): 0
	Maximum resident set size (kbytes): 439668024
	Average resident set size (kbytes): 0
	Major (requiring I/O) page faults: 67
	Minor (reclaiming a frame) page faults: 1367428412
	Voluntary context switches: 33539
	Involuntary context switches: 2863960
	Swaps: 0
	File system inputs: 16242
	File system outputs: 452797
	Socket messages sent: 0
	Socket messages received: 0
	Signals delivered: 0
	Page size (bytes): 3993
	Exit status: 0
------------------------------------
Job finished at Sat Feb 07 11:05:11 2026
