Job started at Sat Feb 07 09:14:52 2026
Running on hpc3-c12-n15.unitn.it
MPI ranks: 1
OMP threads per rank: 8
------------------------------------
	Command being timed: "mpiexec --mca mpi_cuda_support 0 -n 1 /home/guglielmo.boi/hpc-project/bin/spectral_clustering /home/guglielmo.boi/hpc-project/data/input/gaussian_32768.csv /home/guglielmo.boi/hpc-project/data/output/gaussian_32768_r1.csv"
	User time (seconds): 15057.64
	System time (seconds): 8.99
	Percent of CPU this job got: 96%
	Elapsed (wall clock) time (h:mm:ss or m:ss): 0:31:25
	Average shared text size (kbytes): 0
	Average unshared data size (kbytes): 0
	Average stack size (kbytes): 0
	Average total size (kbytes): 0
	Maximum resident set size (kbytes): 33124284
	Average resident set size (kbytes): 0
	Major (requiring I/O) page faults: 211
	Minor (reclaiming a frame) page faults: 45684
	Voluntary context switches: 2363
	Involuntary context switches: 514
	Swaps: 0
	File system inputs: 84461
	File system outputs: 18007
	Socket messages sent: 0
	Socket messages received: 0
	Signals delivered: 0
	Page size (bytes): 4050
	Exit status: 0
------------------------------------
Job finished at Sat Feb 07 09:46:17 2026
