Job started at Sat Feb 07 09:14:53 2026
Running on hpc3-c12-n28.unitn.it
MPI ranks: 8
OMP threads per rank: 8
------------------------------------
	Command being timed: "mpiexec --mca mpi_cuda_support 0 -n 8 /home/guglielmo.boi/hpc-project/bin/spectral_clustering /home/guglielmo.boi/hpc-project/data/input/gaussian_131072.csv /home/guglielmo.boi/hpc-project/data/output/gaussian_131072_r8.csv"
	User time (seconds): 308231.08
	System time (seconds): 1043.69
	Percent of CPU this job got: 199%
	Elapsed (wall clock) time (h:mm:ss or m:ss): 1:21:37
	Average shared text size (kbytes): 0
	Average unshared data size (kbytes): 0
	Average stack size (kbytes): 0
	Average total size (kbytes): 0
	Maximum resident set size (kbytes): 438876682
	Average resident set size (kbytes): 0
	Major (requiring I/O) page faults: 65
	Minor (reclaiming a frame) page faults: 1338262402
	Voluntary context switches: 32279
	Involuntary context switches: 2967351
	Swaps: 0
	File system inputs: 16243
	File system outputs: 469747
	Socket messages sent: 0
	Socket messages received: 0
	Signals delivered: 0
	Page size (bytes): 4184
	Exit status: 0
------------------------------------
Job finished at Sat Feb 07 10:36:30 2026
