Job started at Sat Feb 07 09:14:53 2026
Running on hpc3-c12-n33.unitn.it
MPI ranks: 1
OMP threads per rank: 8
------------------------------------
	Command being timed: "mpiexec --mca mpi_cuda_support 0 -n 1 /home/guglielmo.boi/hpc-project/bin/spectral_clustering /home/guglielmo.boi/hpc-project/data/input/gaussian_131072.csv /home/guglielmo.boi/hpc-project/data/output/gaussian_131072_r1.csv"
	User time (seconds): 80567.52
	System time (seconds): 1155.69
	Percent of CPU this job got: 99%
	Elapsed (wall clock) time (h:mm:ss or m:ss): 2:49:10
	Average shared text size (kbytes): 0
	Average unshared data size (kbytes): 0
	Average stack size (kbytes): 0
	Average total size (kbytes): 0
	Maximum resident set size (kbytes): 529716696
	Average resident set size (kbytes): 0
	Major (requiring I/O) page faults: 11
	Minor (reclaiming a frame) page faults: 1386742600
	Voluntary context switches: 2275
	Involuntary context switches: 18583
	Swaps: 0
	File system inputs: 665
	File system outputs: 23335
	Socket messages sent: 0
	Socket messages received: 0
	Signals delivered: 0
	Page size (bytes): 4066
	Exit status: 0
------------------------------------
Job finished at Sat Feb 07 12:04:03 2026
